-------------------------------------------------------------------------------
Test set: TestSuite
-------------------------------------------------------------------------------
Tests run: 59, Failures: 6, Errors: 0, Skipped: 0, Time elapsed: 944.166 sec <<< FAILURE!
PTC_AM_02_Verify_User_InValid_login(com.gurukula.AutomationTestgurkula.LTC_01_User_Authentication_Test)  Time elapsed: 1.62 sec  <<< FAILURE!
java.lang.AssertionError: invalid credentails not found expected [true] but found [false]
	at org.testng.Assert.fail(Assert.java:94)
	at org.testng.Assert.failNotEquals(Assert.java:494)
	at org.testng.Assert.assertTrue(Assert.java:42)
	at com.gurukula.AutomationTestgurkula.LTC_01_User_Authentication_Test.PTC_AM_02_Verify_User_InValid_login(LTC_01_User_Authentication_Test.java:66)

PTC_AC01_to_AC07_Verify_User_settings_with_differentinputcombinations(com.gurukula.AutomationTestgurkula.LTC_03_AcccountManagement_Test)  Time elapsed: 1.365 sec  <<< FAILURE!
java.lang.AssertionError: expected [Settings saved!] but found []
	at org.testng.Assert.fail(Assert.java:94)
	at org.testng.Assert.failNotEquals(Assert.java:494)
	at org.testng.Assert.assertEquals(Assert.java:123)
	at org.testng.Assert.assertEquals(Assert.java:176)
	at org.testng.Assert.assertEquals(Assert.java:186)
	at com.gurukula.AutomationTestgurkula.LTC_03_AcccountManagement_Test.PTC_AC01_to_AC07_Verify_User_settings_with_differentinputcombinations(LTC_03_AcccountManagement_Test.java:61)

PTC_AC01_to_AC07_Verify_User_settings_with_differentinputcombinations(com.gurukula.AutomationTestgurkula.LTC_03_AcccountManagement_Test)  Time elapsed: 1.895 sec  <<< FAILURE!
java.lang.AssertionError: expected [Your first name is required.] but found []
	at org.testng.Assert.fail(Assert.java:94)
	at org.testng.Assert.failNotEquals(Assert.java:494)
	at org.testng.Assert.assertEquals(Assert.java:123)
	at org.testng.Assert.assertEquals(Assert.java:176)
	at org.testng.Assert.assertEquals(Assert.java:186)
	at com.gurukula.AutomationTestgurkula.LTC_03_AcccountManagement_Test.PTC_AC01_to_AC07_Verify_User_settings_with_differentinputcombinations(LTC_03_AcccountManagement_Test.java:67)

PTC_AC01_to_AC07_Verify_User_settings_with_differentinputcombinations(com.gurukula.AutomationTestgurkula.LTC_03_AcccountManagement_Test)  Time elapsed: 1.74 sec  <<< FAILURE!
java.lang.AssertionError: expected [Your last name is required.] but found [Your first name is required.]
	at org.testng.Assert.fail(Assert.java:94)
	at org.testng.Assert.failNotEquals(Assert.java:494)
	at org.testng.Assert.assertEquals(Assert.java:123)
	at org.testng.Assert.assertEquals(Assert.java:176)
	at org.testng.Assert.assertEquals(Assert.java:186)
	at com.gurukula.AutomationTestgurkula.LTC_03_AcccountManagement_Test.PTC_AC01_to_AC07_Verify_User_settings_with_differentinputcombinations(LTC_03_AcccountManagement_Test.java:67)

PTC_AC08_to_AC15_Verify_User_settings_with_differentinputcombinations(com.gurukula.AutomationTestgurkula.LTC_03_AcccountManagement_Test)  Time elapsed: 0.918 sec  <<< FAILURE!
java.lang.AssertionError: expected [Password changed!] but found []
	at org.testng.Assert.fail(Assert.java:94)
	at org.testng.Assert.failNotEquals(Assert.java:494)
	at org.testng.Assert.assertEquals(Assert.java:123)
	at org.testng.Assert.assertEquals(Assert.java:176)
	at org.testng.Assert.assertEquals(Assert.java:186)
	at com.gurukula.AutomationTestgurkula.LTC_03_AcccountManagement_Test.PTC_AC08_to_AC15_Verify_User_settings_with_differentinputcombinations(LTC_03_AcccountManagement_Test.java:89)

PTC_BM_007_to_BM_013_Verify_Createbranch_functionality_withvariousinputs(com.gurukula.AutomationTestgurkula.LTC_04_BranchesManagement_Test)  Time elapsed: 5.892 sec  <<< FAILURE!
java.lang.AssertionError: expected [This field should follow pattern ^[a-zA-Z\s]*$.] but found [This field is required to be at least 5 characters.This field should follow pattern ^[a-zA-Z\s]*$.]
	at org.testng.Assert.fail(Assert.java:94)
	at org.testng.Assert.failNotEquals(Assert.java:494)
	at org.testng.Assert.assertEquals(Assert.java:123)
	at org.testng.Assert.assertEquals(Assert.java:176)
	at org.testng.Assert.assertEquals(Assert.java:186)
	at com.gurukula.AutomationTestgurkula.LTC_04_BranchesManagement_Test.PTC_BM_007_to_BM_013_Verify_Createbranch_functionality_withvariousinputs(LTC_04_BranchesManagement_Test.java:81)

