<?xml version="1.0" encoding="UTF-8"?>
<testsuite name="TestSuite" time="222.082" tests="59" errors="0" skipped="0" failures="6">
  <properties>
[...]
</properties>
  <testcase name="PTC_AM_01_Verify_User_Valid_login" classname="com.gurukula.AutomationTestgurkula.LTC_01_User_Authentication_Test" time="1.231"/>
  <testcase name="PTC_AM_02_Verify_User_InValid_login" classname="com.gurukula.AutomationTestgurkula.LTC_01_User_Authentication_Test" time="1.62">
    <failure message="invalid credentails not found expected [true] but found [false]" type="java.lang.AssertionError">java.lang.AssertionError: invalid credentails not found expected [true] but found [false]
	at org.testng.Assert.fail(Assert.java:94)
	at org.testng.Assert.failNotEquals(Assert.java:494)
	at org.testng.Assert.assertTrue(Assert.java:42)
	at com.gurukula.AutomationTestgurkula.LTC_01_User_Authentication_Test.PTC_AM_02_Verify_User_InValid_login(LTC_01_User_Authentication_Test.java:66)
</failure>
    <system-out>Closing the webdriver
chrome
Gurkul home page is launched
Executing PTC_02_Verify_User_InValid_login 
Invalid credentials text: 
</system-out>
    <system-err>Starting ChromeDriver 2.42.591088 (7b2b2dca23cca0862f674758c9a3933e685c27d5) on port 13725
Only local connections are allowed.
May 09, 2019 12:16:22 AM org.openqa.selenium.remote.ProtocolHandshake createSession
INFO: Detected dialect: OSS
</system-err>
  </testcase>
  <testcase name="PTC_AM_03_Verify_User_Valid_loginwithAutomaticLoginenabled" classname="com.gurukula.AutomationTestgurkula.LTC_01_User_Authentication_Test" time="2.39"/>
  <testcase name="PTC_AM_04_Verify_User_Valid_loginandLogout" classname="com.gurukula.AutomationTestgurkula.LTC_01_User_Authentication_Test" time="7.847"/>
  <testcase name="PTC_AM_05_Verify_User_Valid_loginandLogout" classname="com.gurukula.AutomationTestgurkula.LTC_01_User_Authentication_Test" time="2.515"/>
  <testcase name="PTC_AM_06_Verify_ResetPassword_button_isenabled_with_validemailid" classname="com.gurukula.AutomationTestgurkula.LTC_01_User_Authentication_Test" time="6.574"/>
  <testcase name="PTC_AM_07_Verify_ResetPassword_button_isenabled_with_invalidemailid" classname="com.gurukula.AutomationTestgurkula.LTC_01_User_Authentication_Test" time="6.281"/>
  <testcase name="PTC_RM_01_to_RM16_Verify_User_registarion_with_differentinputcombinations" classname="com.gurukula.AutomationTestgurkula.LTC_02_UserRegistration_Test" time="0.336"/>
  <testcase name="PTC_RM_01_to_RM16_Verify_User_registarion_with_differentinputcombinations" classname="com.gurukula.AutomationTestgurkula.LTC_02_UserRegistration_Test" time="2.965"/>
  <testcase name="PTC_RM_01_to_RM16_Verify_User_registarion_with_differentinputcombinations" classname="com.gurukula.AutomationTestgurkula.LTC_02_UserRegistration_Test" time="3.233"/>
  <testcase name="PTC_RM_01_to_RM16_Verify_User_registarion_with_differentinputcombinations" classname="com.gurukula.AutomationTestgurkula.LTC_02_UserRegistration_Test" time="2.902"/>
  <testcase name="PTC_RM_01_to_RM16_Verify_User_registarion_with_differentinputcombinations" classname="com.gurukula.AutomationTestgurkula.LTC_02_UserRegistration_Test" time="3.331"/>
  <testcase name="PTC_RM_01_to_RM16_Verify_User_registarion_with_differentinputcombinations" classname="com.gurukula.AutomationTestgurkula.LTC_02_UserRegistration_Test" time="5.974"/>
  <testcase name="PTC_RM_01_to_RM16_Verify_User_registarion_with_differentinputcombinations" classname="com.gurukula.AutomationTestgurkula.LTC_02_UserRegistration_Test" time="4.377"/>
  <testcase name="PTC_RM_01_to_RM16_Verify_User_registarion_with_differentinputcombinations" classname="com.gurukula.AutomationTestgurkula.LTC_02_UserRegistration_Test" time="4.067"/>
  <testcase name="PTC_RM_01_to_RM16_Verify_User_registarion_with_differentinputcombinations" classname="com.gurukula.AutomationTestgurkula.LTC_02_UserRegistration_Test" time="3.843"/>
  <testcase name="PTC_RM_01_to_RM16_Verify_User_registarion_with_differentinputcombinations" classname="com.gurukula.AutomationTestgurkula.LTC_02_UserRegistration_Test" time="4.054"/>
  <testcase name="PTC_RM_01_to_RM16_Verify_User_registarion_with_differentinputcombinations" classname="com.gurukula.AutomationTestgurkula.LTC_02_UserRegistration_Test" time="3.519"/>
  <testcase name="PTC_RM_01_to_RM16_Verify_User_registarion_with_differentinputcombinations" classname="com.gurukula.AutomationTestgurkula.LTC_02_UserRegistration_Test" time="3.056"/>
  <testcase name="PTC_RM_01_to_RM16_Verify_User_registarion_with_differentinputcombinations" classname="com.gurukula.AutomationTestgurkula.LTC_02_UserRegistration_Test" time="3.025"/>
  <testcase name="PTC_RM_01_to_RM16_Verify_User_registarion_with_differentinputcombinations" classname="com.gurukula.AutomationTestgurkula.LTC_02_UserRegistration_Test" time="3.854"/>
  <testcase name="PTC_RM_01_to_RM16_Verify_User_registarion_with_differentinputcombinations" classname="com.gurukula.AutomationTestgurkula.LTC_02_UserRegistration_Test" time="2.784"/>
  <testcase name="PTC_RM_01_to_RM16_Verify_User_registarion_with_differentinputcombinations" classname="com.gurukula.AutomationTestgurkula.LTC_02_UserRegistration_Test" time="3.501"/>
  <testcase name="PTC_AC01_to_AC07_Verify_User_settings_with_differentinputcombinations" classname="com.gurukula.AutomationTestgurkula.LTC_03_AcccountManagement_Test" time="1.365">
    <failure message="expected [Settings saved!] but found []" type="java.lang.AssertionError">java.lang.AssertionError: expected [Settings saved!] but found []
	at org.testng.Assert.fail(Assert.java:94)
	at org.testng.Assert.failNotEquals(Assert.java:494)
	at org.testng.Assert.assertEquals(Assert.java:123)
	at org.testng.Assert.assertEquals(Assert.java:176)
	at org.testng.Assert.assertEquals(Assert.java:186)
	at com.gurukula.AutomationTestgurkula.LTC_03_AcccountManagement_Test.PTC_AC01_to_AC07_Verify_User_settings_with_differentinputcombinations(LTC_03_AcccountManagement_Test.java:61)
</failure>
    <system-out>Closing the webdriver
chrome
Executing PTC_AC01_to_AC07_Verify_User_settings_with_differentinputcombinations 
</system-out>
    <system-err>Starting ChromeDriver 2.42.591088 (7b2b2dca23cca0862f674758c9a3933e685c27d5) on port 5677
Only local connections are allowed.
May 09, 2019 12:22:26 AM org.openqa.selenium.remote.ProtocolHandshake createSession
INFO: Detected dialect: OSS
</system-err>
  </testcase>
  <testcase name="PTC_AC01_to_AC07_Verify_User_settings_with_differentinputcombinations" classname="com.gurukula.AutomationTestgurkula.LTC_03_AcccountManagement_Test" time="1.733"/>
  <testcase name="PTC_AC01_to_AC07_Verify_User_settings_with_differentinputcombinations" classname="com.gurukula.AutomationTestgurkula.LTC_03_AcccountManagement_Test" time="1.723"/>
  <testcase name="PTC_AC01_to_AC07_Verify_User_settings_with_differentinputcombinations" classname="com.gurukula.AutomationTestgurkula.LTC_03_AcccountManagement_Test" time="1.895">
    <failure message="expected [Your first name is required.] but found []" type="java.lang.AssertionError">java.lang.AssertionError: expected [Your first name is required.] but found []
	at org.testng.Assert.fail(Assert.java:94)
	at org.testng.Assert.failNotEquals(Assert.java:494)
	at org.testng.Assert.assertEquals(Assert.java:123)
	at org.testng.Assert.assertEquals(Assert.java:176)
	at org.testng.Assert.assertEquals(Assert.java:186)
	at com.gurukula.AutomationTestgurkula.LTC_03_AcccountManagement_Test.PTC_AC01_to_AC07_Verify_User_settings_with_differentinputcombinations(LTC_03_AcccountManagement_Test.java:67)
</failure>
    <system-out>Closing the webdriver
chrome
Executing PTC_AC01_to_AC07_Verify_User_settings_with_differentinputcombinations 
Executing screen help error message validation
help-block ng-scope ng-hide
false

help-block ng-scope ng-hide
false

help-block ng-scope ng-hide
false

help-block ng-scope ng-hide
false

help-block ng-scope ng-hide
false

help-block ng-scope ng-hide
false

help-block ng-scope ng-hide
false

help-block ng-scope ng-hide
false

help-block ng-scope ng-hide
false

help-block ng-scope ng-hide
false

Total help error string: 
</system-out>
    <system-err>Starting ChromeDriver 2.42.591088 (7b2b2dca23cca0862f674758c9a3933e685c27d5) on port 40626
Only local connections are allowed.
May 09, 2019 12:22:58 AM org.openqa.selenium.remote.ProtocolHandshake createSession
INFO: Detected dialect: OSS
</system-err>
  </testcase>
  <testcase name="PTC_AC01_to_AC07_Verify_User_settings_with_differentinputcombinations" classname="com.gurukula.AutomationTestgurkula.LTC_03_AcccountManagement_Test" time="1.74">
    <failure message="expected [Your last name is required.] but found [Your first name is required.]" type="java.lang.AssertionError">java.lang.AssertionError: expected [Your last name is required.] but found [Your first name is required.]
	at org.testng.Assert.fail(Assert.java:94)
	at org.testng.Assert.failNotEquals(Assert.java:494)
	at org.testng.Assert.assertEquals(Assert.java:123)
	at org.testng.Assert.assertEquals(Assert.java:176)
	at org.testng.Assert.assertEquals(Assert.java:186)
	at com.gurukula.AutomationTestgurkula.LTC_03_AcccountManagement_Test.PTC_AC01_to_AC07_Verify_User_settings_with_differentinputcombinations(LTC_03_AcccountManagement_Test.java:67)
</failure>
    <system-out>Closing the webdriver
chrome
Executing PTC_AC01_to_AC07_Verify_User_settings_with_differentinputcombinations 
Executing screen help error message validation
help-block ng-scope
true
Your first name is required.
help-block ng-scope ng-hide
false

help-block ng-scope ng-hide
false

help-block ng-scope ng-hide
false

help-block ng-scope ng-hide
false

help-block ng-scope ng-hide
false

help-block ng-scope ng-hide
false

help-block ng-scope ng-hide
false

help-block ng-scope ng-hide
false

help-block ng-scope ng-hide
false

Total help error string: Your first name is required.
</system-out>
    <system-err>Starting ChromeDriver 2.42.591088 (7b2b2dca23cca0862f674758c9a3933e685c27d5) on port 4809
Only local connections are allowed.
May 09, 2019 12:23:08 AM org.openqa.selenium.remote.ProtocolHandshake createSession
INFO: Detected dialect: OSS
</system-err>
  </testcase>
  <testcase name="PTC_AC01_to_AC07_Verify_User_settings_with_differentinputcombinations" classname="com.gurukula.AutomationTestgurkula.LTC_03_AcccountManagement_Test" time="1.794"/>
  <testcase name="PTC_AC08_to_AC15_Verify_User_settings_with_differentinputcombinations" classname="com.gurukula.AutomationTestgurkula.LTC_03_AcccountManagement_Test" time="0.918">
    <failure message="expected [Password changed!] but found []" type="java.lang.AssertionError">java.lang.AssertionError: expected [Password changed!] but found []
	at org.testng.Assert.fail(Assert.java:94)
	at org.testng.Assert.failNotEquals(Assert.java:494)
	at org.testng.Assert.assertEquals(Assert.java:123)
	at org.testng.Assert.assertEquals(Assert.java:176)
	at org.testng.Assert.assertEquals(Assert.java:186)
	at com.gurukula.AutomationTestgurkula.LTC_03_AcccountManagement_Test.PTC_AC08_to_AC15_Verify_User_settings_with_differentinputcombinations(LTC_03_AcccountManagement_Test.java:89)
</failure>
    <system-out>Closing the webdriver
chrome
Executing PTC_AC08_to_AC15_Verify_User_settings_with_differentinputcombinations 
</system-out>
    <system-err>Starting ChromeDriver 2.42.591088 (7b2b2dca23cca0862f674758c9a3933e685c27d5) on port 2125
Only local connections are allowed.
May 09, 2019 12:23:29 AM org.openqa.selenium.remote.ProtocolHandshake createSession
INFO: Detected dialect: OSS
</system-err>
  </testcase>
  <testcase name="PTC_AC08_to_AC15_Verify_User_settings_with_differentinputcombinations" classname="com.gurukula.AutomationTestgurkula.LTC_03_AcccountManagement_Test" time="1.379"/>
  <testcase name="PTC_AC08_to_AC15_Verify_User_settings_with_differentinputcombinations" classname="com.gurukula.AutomationTestgurkula.LTC_03_AcccountManagement_Test" time="1.416"/>
  <testcase name="PTC_AC08_to_AC15_Verify_User_settings_with_differentinputcombinations" classname="com.gurukula.AutomationTestgurkula.LTC_03_AcccountManagement_Test" time="1.136"/>
  <testcase name="PTC_AC08_to_AC15_Verify_User_settings_with_differentinputcombinations" classname="com.gurukula.AutomationTestgurkula.LTC_03_AcccountManagement_Test" time="4.552"/>
  <testcase name="PTC_AC08_to_AC15_Verify_User_settings_with_differentinputcombinations" classname="com.gurukula.AutomationTestgurkula.LTC_03_AcccountManagement_Test" time="1.153"/>
  <testcase name="PTC_AC08_to_AC15_Verify_User_settings_with_differentinputcombinations" classname="com.gurukula.AutomationTestgurkula.LTC_03_AcccountManagement_Test" time="1.114"/>
  <testcase name="PTC_AC08_to_AC15_Verify_User_settings_with_differentinputcombinations" classname="com.gurukula.AutomationTestgurkula.LTC_03_AcccountManagement_Test" time="0.93"/>
  <testcase name="PTC_AC16_InvalidateSession" classname="com.gurukula.AutomationTestgurkula.LTC_03_AcccountManagement_Test" time="0.796"/>
  <testcase name="PTC_BM_001_Verify_BranchCreation" classname="com.gurukula.AutomationTestgurkula.LTC_04_BranchesManagement_Test" time="7.284"/>
  <testcase name="PTC_BM_001_Verify_BranchCreation2" classname="com.gurukula.AutomationTestgurkula.LTC_04_BranchesManagement_Test" time="8.26"/>
  <testcase name="PTC_BM_002_Verify_Branch_view_functionality" classname="com.gurukula.AutomationTestgurkula.LTC_04_BranchesManagement_Test" time="0.464"/>
  <testcase name="PTC_BM_003_Verify_BranchEditing" classname="com.gurukula.AutomationTestgurkula.LTC_04_BranchesManagement_Test" time="7.006"/>
  <testcase name="PTC_BM_004_Verify_delete_functionality" classname="com.gurukula.AutomationTestgurkula.LTC_04_BranchesManagement_Test" time="2.152"/>
  <testcase name="PTC_BM_007_to_BM_013_Verify_Createbranch_functionality_withvariousinputs" classname="com.gurukula.AutomationTestgurkula.LTC_04_BranchesManagement_Test" time="6.009"/>
  <testcase name="PTC_BM_007_to_BM_013_Verify_Createbranch_functionality_withvariousinputs" classname="com.gurukula.AutomationTestgurkula.LTC_04_BranchesManagement_Test" time="6.271"/>
  <testcase name="PTC_BM_007_to_BM_013_Verify_Createbranch_functionality_withvariousinputs" classname="com.gurukula.AutomationTestgurkula.LTC_04_BranchesManagement_Test" time="6.158"/>
  <testcase name="PTC_BM_007_to_BM_013_Verify_Createbranch_functionality_withvariousinputs" classname="com.gurukula.AutomationTestgurkula.LTC_04_BranchesManagement_Test" time="5.994"/>
  <testcase name="PTC_BM_007_to_BM_013_Verify_Createbranch_functionality_withvariousinputs" classname="com.gurukula.AutomationTestgurkula.LTC_04_BranchesManagement_Test" time="5.965"/>
  <testcase name="PTC_BM_007_to_BM_013_Verify_Createbranch_functionality_withvariousinputs" classname="com.gurukula.AutomationTestgurkula.LTC_04_BranchesManagement_Test" time="6.04"/>
  <testcase name="PTC_BM_007_to_BM_013_Verify_Createbranch_functionality_withvariousinputs" classname="com.gurukula.AutomationTestgurkula.LTC_04_BranchesManagement_Test" time="5.892">
    <failure message="expected [This field should follow pattern ^[a-zA-Z\s]*$.] but found [This field is required to be at least 5 characters.This field should follow pattern ^[a-zA-Z\s]*$.]" type="java.lang.AssertionError">java.lang.AssertionError: expected [This field should follow pattern ^[a-zA-Z\s]*$.] but found [This field is required to be at least 5 characters.This field should follow pattern ^[a-zA-Z\s]*$.]
	at org.testng.Assert.fail(Assert.java:94)
	at org.testng.Assert.failNotEquals(Assert.java:494)
	at org.testng.Assert.assertEquals(Assert.java:123)
	at org.testng.Assert.assertEquals(Assert.java:176)
	at org.testng.Assert.assertEquals(Assert.java:186)
	at com.gurukula.AutomationTestgurkula.LTC_04_BranchesManagement_Test.PTC_BM_007_to_BM_013_Verify_Createbranch_functionality_withvariousinputs(LTC_04_BranchesManagement_Test.java:81)
</failure>
    <system-out>Closing the webdriver
chrome
Able to click create branch button
help-block ng-scope ng-hide
false

help-block ng-scope
true
This field is required to be at least 5 characters.
help-block ng-scope ng-hide
false

help-block ng-scope
true
This field should follow pattern ^[a-zA-Z\s]*$.
help-block ng-scope ng-hide
false

help-block ng-scope ng-hide
false

help-block ng-scope ng-hide
false

help-block ng-scope ng-hide
false

Total help error string: This field is required to be at least 5 characters.This field should follow pattern ^[a-zA-Z\s]*$.
</system-out>
    <system-err>Starting ChromeDriver 2.42.591088 (7b2b2dca23cca0862f674758c9a3933e685c27d5) on port 12614
Only local connections are allowed.
May 09, 2019 12:28:39 AM org.openqa.selenium.remote.ProtocolHandshake createSession
INFO: Detected dialect: OSS
</system-err>
  </testcase>
  <testcase name="PTC_SM_001_Verify_StaffCreation" classname="com.gurukula.AutomationTestgurkula.LTC_05_StaffManagement_Test" time="6.708"/>
  <testcase name="PTC_SM_001_Verify_StaffCreation" classname="com.gurukula.AutomationTestgurkula.LTC_05_StaffManagement_Test" time="6.652"/>
  <testcase name="PTC_SM_001_Verify_StaffCreation" classname="com.gurukula.AutomationTestgurkula.LTC_05_StaffManagement_Test" time="7.123"/>
  <testcase name="PTC_SM_002_Verify_Branch_view_functionality" classname="com.gurukula.AutomationTestgurkula.LTC_05_StaffManagement_Test" time="0.383"/>
  <testcase name="PTC_SM_003_Verify_BranchEditing" classname="com.gurukula.AutomationTestgurkula.LTC_05_StaffManagement_Test" time="6.604"/>
  <testcase name="PTC_SM_004_Verify_delete_functionality" classname="com.gurukula.AutomationTestgurkula.LTC_05_StaffManagement_Test" time="2.042"/>
  <testcase name="PTC_SM_007_to_SM_009_Verify_Createbranch_functionality_withvariousinputs" classname="com.gurukula.AutomationTestgurkula.LTC_05_StaffManagement_Test" time="6.515"/>
  <testcase name="PTC_SM_007_to_SM_009_Verify_Createbranch_functionality_withvariousinputs" classname="com.gurukula.AutomationTestgurkula.LTC_05_StaffManagement_Test" time="5.821"/>
  <testcase name="PTC_SM_007_to_SM_009_Verify_Createbranch_functionality_withvariousinputs" classname="com.gurukula.AutomationTestgurkula.LTC_05_StaffManagement_Test" time="5.816"/>
</testsuite>