<?xml version="1.0" encoding="UTF-8"?>
<testng-results skipped="0" failed="6" total="59" passed="53">
  <reporter-output>
  </reporter-output>
  <suite name="Suite" duration-ms="937198" started-at="2019-05-08T22:16:00Z" finished-at="2019-05-08T22:31:37Z">
    <groups>
    </groups>
    <test name="Gurukul Automation" duration-ms="937198" started-at="2019-05-08T22:16:00Z" finished-at="2019-05-08T22:31:37Z">
      <class name="com.gurukula.AutomationTestgurkula.LTC_01_User_Authentication_Test">
        <test-method status="PASS" signature="launchApplication()[pri:0, instance:com.gurukula.AutomationTestgurkula.LTC_01_User_Authentication_Test@4e04a765]" name="launchApplication" is-config="true" duration-ms="30" started-at="2019-05-09T00:16:00Z" finished-at="2019-05-09T00:16:00Z">
          <reporter-output>
          </reporter-output>
        </test-method> <!-- launchApplication -->
        <test-method status="PASS" signature="setupBeforeTest()[pri:0, instance:com.gurukula.AutomationTestgurkula.LTC_01_User_Authentication_Test@4e04a765]" name="setupBeforeTest" is-config="true" duration-ms="14432" started-at="2019-05-09T00:16:00Z" finished-at="2019-05-09T00:16:14Z">
          <reporter-output>
          </reporter-output>
        </test-method> <!-- setupBeforeTest -->
        <test-method status="PASS" signature="PTC_AM_01_Verify_User_Valid_login(java.lang.String, java.lang.String, java.lang.String)[pri:0, instance:com.gurukula.AutomationTestgurkula.LTC_01_User_Authentication_Test@4e04a765]" name="PTC_AM_01_Verify_User_Valid_login" duration-ms="1243" started-at="2019-05-09T00:16:14Z" finished-at="2019-05-09T00:16:15Z">
          <params>
            <param index="0">
              <value>
                <![CDATA[admin]]>
              </value>
            </param>
            <param index="1">
              <value>
                <![CDATA[admin]]>
              </value>
            </param>
            <param index="2">
              <value>
                <![CDATA[You are logged in as user ]]>
              </value>
            </param>
          </params>
          <reporter-output>
          </reporter-output>
        </test-method> <!-- PTC_AM_01_Verify_User_Valid_login -->
        <test-method status="PASS" signature="closebrowser()[pri:0, instance:com.gurukula.AutomationTestgurkula.LTC_01_User_Authentication_Test@4e04a765]" name="closebrowser" is-config="true" duration-ms="924" started-at="2019-05-09T00:16:15Z" finished-at="2019-05-09T00:16:16Z">
          <reporter-output>
          </reporter-output>
        </test-method> <!-- closebrowser -->
        <test-method status="PASS" signature="setupBeforeTest()[pri:0, instance:com.gurukula.AutomationTestgurkula.LTC_01_User_Authentication_Test@4e04a765]" name="setupBeforeTest" is-config="true" duration-ms="9518" started-at="2019-05-09T00:16:16Z" finished-at="2019-05-09T00:16:26Z">
          <reporter-output>
          </reporter-output>
        </test-method> <!-- setupBeforeTest -->
        <test-method status="FAIL" signature="PTC_AM_02_Verify_User_InValid_login(java.lang.String, java.lang.String, java.lang.String)[pri:0, instance:com.gurukula.AutomationTestgurkula.LTC_01_User_Authentication_Test@4e04a765]" name="PTC_AM_02_Verify_User_InValid_login" duration-ms="1615" started-at="2019-05-09T00:16:26Z" finished-at="2019-05-09T00:16:27Z">
          <params>
            <param index="0">
              <value>
                <![CDATA[adddd]]>
              </value>
            </param>
            <param index="1">
              <value>
                <![CDATA[adddd]]>
              </value>
            </param>
            <param index="2">
              <value>
                <![CDATA[Authentication failed]]>
              </value>
            </param>
          </params>
          <exception class="java.lang.AssertionError">
            <message>
              <![CDATA[invalid credentails not found expected [true] but found [false]]]>
            </message>
            <full-stacktrace>
              <![CDATA[java.lang.AssertionError: invalid credentails not found expected [true] but found [false]
	at org.testng.Assert.fail(Assert.java:94)
	at org.testng.Assert.failNotEquals(Assert.java:494)
	at org.testng.Assert.assertTrue(Assert.java:42)
	at com.gurukula.AutomationTestgurkula.LTC_01_User_Authentication_Test.PTC_AM_02_Verify_User_InValid_login(LTC_01_User_Authentication_Test.java:66)
	at sun.reflect.NativeMethodAccessorImpl.invoke0(Native Method)
	at sun.reflect.NativeMethodAccessorImpl.invoke(NativeMethodAccessorImpl.java:62)
	at sun.reflect.DelegatingMethodAccessorImpl.invoke(DelegatingMethodAccessorImpl.java:43)
	at java.lang.reflect.Method.invoke(Method.java:498)
	at org.testng.internal.MethodInvocationHelper.invokeMethod(MethodInvocationHelper.java:80)
	at org.testng.internal.Invoker.invokeMethod(Invoker.java:714)
	at org.testng.internal.Invoker.invokeTestMethod(Invoker.java:901)
	at org.testng.internal.Invoker.invokeTestMethods(Invoker.java:1231)
	at org.testng.internal.TestMethodWorker.invokeTestMethods(TestMethodWorker.java:127)
	at org.testng.internal.TestMethodWorker.run(TestMethodWorker.java:111)
	at org.testng.TestRunner.privateRun(TestRunner.java:767)
	at org.testng.TestRunner.run(TestRunner.java:617)
	at org.testng.SuiteRunner.runTest(SuiteRunner.java:334)
	at org.testng.SuiteRunner.runSequentially(SuiteRunner.java:329)
	at org.testng.SuiteRunner.privateRun(SuiteRunner.java:291)
	at org.testng.SuiteRunner.run(SuiteRunner.java:240)
	at org.testng.SuiteRunnerWorker.runSuite(SuiteRunnerWorker.java:52)
	at org.testng.SuiteRunnerWorker.run(SuiteRunnerWorker.java:86)
	at org.testng.TestNG.runSuitesSequentially(TestNG.java:1198)
	at org.testng.TestNG.runSuitesLocally(TestNG.java:1123)
	at org.testng.TestNG.run(TestNG.java:1031)
	at org.apache.maven.surefire.testng.TestNGExecutor.run(TestNGExecutor.java:178)
	at org.apache.maven.surefire.testng.TestNGXmlTestSuite.execute(TestNGXmlTestSuite.java:92)
	at org.apache.maven.surefire.testng.TestNGProvider.invoke(TestNGProvider.java:96)
	at sun.reflect.NativeMethodAccessorImpl.invoke0(Native Method)
	at sun.reflect.NativeMethodAccessorImpl.invoke(NativeMethodAccessorImpl.java:62)
	at sun.reflect.DelegatingMethodAccessorImpl.invoke(DelegatingMethodAccessorImpl.java:43)
	at java.lang.reflect.Method.invoke(Method.java:498)
	at org.apache.maven.surefire.util.ReflectionUtils.invokeMethodWithArray2(ReflectionUtils.java:208)
	at org.apache.maven.surefire.booter.ProviderFactory$ProviderProxy.invoke(ProviderFactory.java:159)
	at org.apache.maven.surefire.booter.ProviderFactory.invokeProvider(ProviderFactory.java:87)
	at org.apache.maven.surefire.booter.ForkedBooter.runSuitesInProcess(ForkedBooter.java:153)
	at org.apache.maven.surefire.booter.ForkedBooter.main(ForkedBooter.java:95)
]]>
            </full-stacktrace>
          </exception> <!-- java.lang.AssertionError -->
          <reporter-output>
          </reporter-output>
        </test-method> <!-- PTC_AM_02_Verify_User_InValid_login -->
        <test-method status="PASS" signature="closebrowser()[pri:0, instance:com.gurukula.AutomationTestgurkula.LTC_01_User_Authentication_Test@4e04a765]" name="closebrowser" is-config="true" duration-ms="894" started-at="2019-05-09T00:16:27Z" finished-at="2019-05-09T00:16:28Z">
          <reporter-output>
          </reporter-output>
        </test-method> <!-- closebrowser -->
        <test-method status="PASS" signature="setupBeforeTest()[pri:0, instance:com.gurukula.AutomationTestgurkula.LTC_01_User_Authentication_Test@4e04a765]" name="setupBeforeTest" is-config="true" duration-ms="30995" started-at="2019-05-09T00:16:28Z" finished-at="2019-05-09T00:16:59Z">
          <reporter-output>
          </reporter-output>
        </test-method> <!-- setupBeforeTest -->
        <test-method status="PASS" signature="PTC_AM_03_Verify_User_Valid_loginwithAutomaticLoginenabled(java.lang.String, java.lang.String, java.lang.String)[pri:0, instance:com.gurukula.AutomationTestgurkula.LTC_01_User_Authentication_Test@4e04a765]" name="PTC_AM_03_Verify_User_Valid_loginwithAutomaticLoginenabled" duration-ms="2391" started-at="2019-05-09T00:16:59Z" finished-at="2019-05-09T00:17:02Z">
          <params>
            <param index="0">
              <value>
                <![CDATA[admin]]>
              </value>
            </param>
            <param index="1">
              <value>
                <![CDATA[admin]]>
              </value>
            </param>
            <param index="2">
              <value>
                <![CDATA[You are logged in as user ]]>
              </value>
            </param>
          </params>
          <reporter-output>
          </reporter-output>
        </test-method> <!-- PTC_AM_03_Verify_User_Valid_loginwithAutomaticLoginenabled -->
        <test-method status="PASS" signature="closebrowser()[pri:0, instance:com.gurukula.AutomationTestgurkula.LTC_01_User_Authentication_Test@4e04a765]" name="closebrowser" is-config="true" duration-ms="2032" started-at="2019-05-09T00:17:02Z" finished-at="2019-05-09T00:17:04Z">
          <reporter-output>
          </reporter-output>
        </test-method> <!-- closebrowser -->
        <test-method status="PASS" signature="setupBeforeTest()[pri:0, instance:com.gurukula.AutomationTestgurkula.LTC_01_User_Authentication_Test@4e04a765]" name="setupBeforeTest" is-config="true" duration-ms="33410" started-at="2019-05-09T00:17:04Z" finished-at="2019-05-09T00:17:37Z">
          <reporter-output>
          </reporter-output>
        </test-method> <!-- setupBeforeTest -->
        <test-method status="PASS" signature="PTC_AM_04_Verify_User_Valid_loginandLogout(java.lang.String, java.lang.String, java.lang.String)[pri:0, instance:com.gurukula.AutomationTestgurkula.LTC_01_User_Authentication_Test@4e04a765]" name="PTC_AM_04_Verify_User_Valid_loginandLogout" duration-ms="7869" started-at="2019-05-09T00:17:37Z" finished-at="2019-05-09T00:17:45Z">
          <params>
            <param index="0">
              <value>
                <![CDATA[admin]]>
              </value>
            </param>
            <param index="1">
              <value>
                <![CDATA[admin]]>
              </value>
            </param>
            <param index="2">
              <value>
                <![CDATA[You are logged in as user ]]>
              </value>
            </param>
          </params>
          <reporter-output>
          </reporter-output>
        </test-method> <!-- PTC_AM_04_Verify_User_Valid_loginandLogout -->
        <test-method status="PASS" signature="closebrowser()[pri:0, instance:com.gurukula.AutomationTestgurkula.LTC_01_User_Authentication_Test@4e04a765]" name="closebrowser" is-config="true" duration-ms="790" started-at="2019-05-09T00:17:45Z" finished-at="2019-05-09T00:17:46Z">
          <reporter-output>
          </reporter-output>
        </test-method> <!-- closebrowser -->
        <test-method status="PASS" signature="setupBeforeTest()[pri:0, instance:com.gurukula.AutomationTestgurkula.LTC_01_User_Authentication_Test@4e04a765]" name="setupBeforeTest" is-config="true" duration-ms="9422" started-at="2019-05-09T00:17:46Z" finished-at="2019-05-09T00:17:55Z">
          <reporter-output>
          </reporter-output>
        </test-method> <!-- setupBeforeTest -->
        <test-method status="PASS" signature="PTC_AM_05_Verify_User_Valid_loginandLogout(java.lang.String, java.lang.String, java.lang.String)[pri:0, instance:com.gurukula.AutomationTestgurkula.LTC_01_User_Authentication_Test@4e04a765]" name="PTC_AM_05_Verify_User_Valid_loginandLogout" duration-ms="2530" started-at="2019-05-09T00:17:55Z" finished-at="2019-05-09T00:17:58Z">
          <params>
            <param index="0">
              <value>
                <![CDATA[admin]]>
              </value>
            </param>
            <param index="1">
              <value>
                <![CDATA[admin]]>
              </value>
            </param>
            <param index="2">
              <value>
                <![CDATA[You are logged in as user ]]>
              </value>
            </param>
          </params>
          <reporter-output>
          </reporter-output>
        </test-method> <!-- PTC_AM_05_Verify_User_Valid_loginandLogout -->
        <test-method status="PASS" signature="closebrowser()[pri:0, instance:com.gurukula.AutomationTestgurkula.LTC_01_User_Authentication_Test@4e04a765]" name="closebrowser" is-config="true" duration-ms="2634" started-at="2019-05-09T00:17:58Z" finished-at="2019-05-09T00:18:00Z">
          <reporter-output>
          </reporter-output>
        </test-method> <!-- closebrowser -->
        <test-method status="PASS" signature="setupBeforeTest()[pri:0, instance:com.gurukula.AutomationTestgurkula.LTC_01_User_Authentication_Test@4e04a765]" name="setupBeforeTest" is-config="true" duration-ms="10809" started-at="2019-05-09T00:18:00Z" finished-at="2019-05-09T00:18:11Z">
          <reporter-output>
          </reporter-output>
        </test-method> <!-- setupBeforeTest -->
        <test-method status="PASS" signature="PTC_AM_06_Verify_ResetPassword_button_isenabled_with_validemailid(java.lang.String)[pri:0, instance:com.gurukula.AutomationTestgurkula.LTC_01_User_Authentication_Test@4e04a765]" name="PTC_AM_06_Verify_ResetPassword_button_isenabled_with_validemailid" duration-ms="6575" started-at="2019-05-09T00:18:11Z" finished-at="2019-05-09T00:18:18Z">
          <params>
            <param index="0">
              <value>
                <![CDATA[gopisrikanthkosuru@gmail.com]]>
              </value>
            </param>
          </params>
          <reporter-output>
          </reporter-output>
        </test-method> <!-- PTC_AM_06_Verify_ResetPassword_button_isenabled_with_validemailid -->
        <test-method status="PASS" signature="closebrowser()[pri:0, instance:com.gurukula.AutomationTestgurkula.LTC_01_User_Authentication_Test@4e04a765]" name="closebrowser" is-config="true" duration-ms="2267" started-at="2019-05-09T00:18:18Z" finished-at="2019-05-09T00:18:20Z">
          <reporter-output>
          </reporter-output>
        </test-method> <!-- closebrowser -->
        <test-method status="PASS" signature="setupBeforeTest()[pri:0, instance:com.gurukula.AutomationTestgurkula.LTC_01_User_Authentication_Test@4e04a765]" name="setupBeforeTest" is-config="true" duration-ms="10300" started-at="2019-05-09T00:18:20Z" finished-at="2019-05-09T00:18:30Z">
          <reporter-output>
          </reporter-output>
        </test-method> <!-- setupBeforeTest -->
        <test-method status="PASS" signature="PTC_AM_07_Verify_ResetPassword_button_isenabled_with_invalidemailid(java.lang.String)[pri:0, instance:com.gurukula.AutomationTestgurkula.LTC_01_User_Authentication_Test@4e04a765]" name="PTC_AM_07_Verify_ResetPassword_button_isenabled_with_invalidemailid" duration-ms="6284" started-at="2019-05-09T00:18:30Z" finished-at="2019-05-09T00:18:37Z">
          <params>
            <param index="0">
              <value>
                <![CDATA[ggggg#dd]]>
              </value>
            </param>
          </params>
          <reporter-output>
          </reporter-output>
        </test-method> <!-- PTC_AM_07_Verify_ResetPassword_button_isenabled_with_invalidemailid -->
        <test-method status="PASS" signature="closebrowser()[pri:0, instance:com.gurukula.AutomationTestgurkula.LTC_01_User_Authentication_Test@4e04a765]" name="closebrowser" is-config="true" duration-ms="1330" started-at="2019-05-09T00:18:37Z" finished-at="2019-05-09T00:18:38Z">
          <reporter-output>
          </reporter-output>
        </test-method> <!-- closebrowser -->
      </class> <!-- com.gurukula.AutomationTestgurkula.LTC_01_User_Authentication_Test -->
      <class name="com.gurukula.AutomationTestgurkula.LTC_02_UserRegistration_Test">
        <test-method status="PASS" signature="setupBeforeTest()[pri:0, instance:com.gurukula.AutomationTestgurkula.LTC_02_UserRegistration_Test@13fee20c]" name="setupBeforeTest" is-config="true" duration-ms="10825" started-at="2019-05-09T00:18:38Z" finished-at="2019-05-09T00:18:49Z">
          <reporter-output>
          </reporter-output>
        </test-method> <!-- setupBeforeTest -->
        <test-method status="PASS" signature="PTC_RM_01_to_RM16_Verify_User_registarion_with_differentinputcombinations(java.lang.String, java.lang.String, java.lang.String, java.lang.String, java.lang.String, java.lang.String)[pri:0, instance:com.gurukula.AutomationTestgurkula.LTC_02_UserRegistration_Test@13fee20c]" name="PTC_RM_01_to_RM16_Verify_User_registarion_with_differentinputcombinations" duration-ms="305" started-at="2019-05-09T00:18:49Z" data-provider="userRegistrationdetails" finished-at="2019-05-09T00:18:49Z">
          <params>
            <param index="0">
              <value>
                <![CDATA[gopisrikanth1]]>
              </value>
            </param>
            <param index="1">
              <value>
                <![CDATA[gopisrikanthkosuru@gmail.com]]>
              </value>
            </param>
            <param index="2">
              <value>
                <![CDATA[May@2019]]>
              </value>
            </param>
            <param index="3">
              <value>
                <![CDATA[May@2019]]>
              </value>
            </param>
            <param index="4">
              <value>
                <![CDATA[Registration Successful]]>
              </value>
            </param>
            <param index="5">
              <value>
                <![CDATA[scenario1]]>
              </value>
            </param>
          </params>
          <reporter-output>
          </reporter-output>
        </test-method> <!-- PTC_RM_01_to_RM16_Verify_User_registarion_with_differentinputcombinations -->
        <test-method status="PASS" signature="closebrowser()[pri:0, instance:com.gurukula.AutomationTestgurkula.LTC_02_UserRegistration_Test@13fee20c]" name="closebrowser" is-config="true" duration-ms="1560" started-at="2019-05-09T00:18:49Z" finished-at="2019-05-09T00:18:51Z">
          <reporter-output>
          </reporter-output>
        </test-method> <!-- closebrowser -->
        <test-method status="PASS" signature="setupBeforeTest()[pri:0, instance:com.gurukula.AutomationTestgurkula.LTC_02_UserRegistration_Test@13fee20c]" name="setupBeforeTest" is-config="true" duration-ms="12157" started-at="2019-05-09T00:18:51Z" finished-at="2019-05-09T00:19:03Z">
          <reporter-output>
          </reporter-output>
        </test-method> <!-- setupBeforeTest -->
        <test-method status="PASS" signature="PTC_RM_01_to_RM16_Verify_User_registarion_with_differentinputcombinations(java.lang.String, java.lang.String, java.lang.String, java.lang.String, java.lang.String, java.lang.String)[pri:0, instance:com.gurukula.AutomationTestgurkula.LTC_02_UserRegistration_Test@13fee20c]" name="PTC_RM_01_to_RM16_Verify_User_registarion_with_differentinputcombinations" duration-ms="2989" started-at="2019-05-09T00:19:03Z" data-provider="userRegistrationdetails" finished-at="2019-05-09T00:19:06Z">
          <params>
            <param index="0">
              <value>
                <![CDATA[admin]]>
              </value>
            </param>
            <param index="1">
              <value>
                <![CDATA[gopisrikanth1@gmail.com]]>
              </value>
            </param>
            <param index="2">
              <value>
                <![CDATA[May@2019]]>
              </value>
            </param>
            <param index="3">
              <value>
                <![CDATA[May@2019]]>
              </value>
            </param>
            <param index="4">
              <value>
                <![CDATA[Login name already registered! Please choose another one.]]>
              </value>
            </param>
            <param index="5">
              <value>
                <![CDATA[flagX]]>
              </value>
            </param>
          </params>
          <reporter-output>
          </reporter-output>
        </test-method> <!-- PTC_RM_01_to_RM16_Verify_User_registarion_with_differentinputcombinations -->
        <test-method status="PASS" signature="closebrowser()[pri:0, instance:com.gurukula.AutomationTestgurkula.LTC_02_UserRegistration_Test@13fee20c]" name="closebrowser" is-config="true" duration-ms="1462" started-at="2019-05-09T00:19:06Z" finished-at="2019-05-09T00:19:07Z">
          <reporter-output>
          </reporter-output>
        </test-method> <!-- closebrowser -->
        <test-method status="PASS" signature="setupBeforeTest()[pri:0, instance:com.gurukula.AutomationTestgurkula.LTC_02_UserRegistration_Test@13fee20c]" name="setupBeforeTest" is-config="true" duration-ms="8258" started-at="2019-05-09T00:19:07Z" finished-at="2019-05-09T00:19:16Z">
          <reporter-output>
          </reporter-output>
        </test-method> <!-- setupBeforeTest -->
        <test-method status="PASS" signature="PTC_RM_01_to_RM16_Verify_User_registarion_with_differentinputcombinations(java.lang.String, java.lang.String, java.lang.String, java.lang.String, java.lang.String, java.lang.String)[pri:0, instance:com.gurukula.AutomationTestgurkula.LTC_02_UserRegistration_Test@13fee20c]" name="PTC_RM_01_to_RM16_Verify_User_registarion_with_differentinputcombinations" duration-ms="3230" started-at="2019-05-09T00:19:16Z" data-provider="userRegistrationdetails" finished-at="2019-05-09T00:19:19Z">
          <params>
            <param index="0">
              <value>
                <![CDATA[gopisrikanth1]]>
              </value>
            </param>
            <param index="1">
              <value>
                <![CDATA[admin@localhost]]>
              </value>
            </param>
            <param index="2">
              <value>
                <![CDATA[May@2019]]>
              </value>
            </param>
            <param index="3">
              <value>
                <![CDATA[May@2019]]>
              </value>
            </param>
            <param index="4">
              <value>
                <![CDATA[E-mail is already in use! Please choose another one.]]>
              </value>
            </param>
            <param index="5">
              <value>
                <![CDATA[flagX]]>
              </value>
            </param>
          </params>
          <reporter-output>
          </reporter-output>
        </test-method> <!-- PTC_RM_01_to_RM16_Verify_User_registarion_with_differentinputcombinations -->
        <test-method status="PASS" signature="closebrowser()[pri:0, instance:com.gurukula.AutomationTestgurkula.LTC_02_UserRegistration_Test@13fee20c]" name="closebrowser" is-config="true" duration-ms="8027" started-at="2019-05-09T00:19:19Z" finished-at="2019-05-09T00:19:27Z">
          <reporter-output>
          </reporter-output>
        </test-method> <!-- closebrowser -->
        <test-method status="PASS" signature="setupBeforeTest()[pri:0, instance:com.gurukula.AutomationTestgurkula.LTC_02_UserRegistration_Test@13fee20c]" name="setupBeforeTest" is-config="true" duration-ms="7532" started-at="2019-05-09T00:19:27Z" finished-at="2019-05-09T00:19:34Z">
          <reporter-output>
          </reporter-output>
        </test-method> <!-- setupBeforeTest -->
        <test-method status="PASS" signature="PTC_RM_01_to_RM16_Verify_User_registarion_with_differentinputcombinations(java.lang.String, java.lang.String, java.lang.String, java.lang.String, java.lang.String, java.lang.String)[pri:0, instance:com.gurukula.AutomationTestgurkula.LTC_02_UserRegistration_Test@13fee20c]" name="PTC_RM_01_to_RM16_Verify_User_registarion_with_differentinputcombinations" duration-ms="2904" started-at="2019-05-09T00:19:34Z" data-provider="userRegistrationdetails" finished-at="2019-05-09T00:19:37Z">
          <params>
            <param index="0">
              <value>
                <![CDATA[gopisrikanth1]]>
              </value>
            </param>
            <param index="1">
              <value>
                <![CDATA[gopisrikanthkosuru@gmail.com]]>
              </value>
            </param>
            <param index="2">
              <value>
                <![CDATA[May@2019]]>
              </value>
            </param>
            <param index="3">
              <value>
                <![CDATA[october@2019]]>
              </value>
            </param>
            <param index="4">
              <value>
                <![CDATA[The password and its confirmation do not match!]]>
              </value>
            </param>
            <param index="5">
              <value>
                <![CDATA[flagX]]>
              </value>
            </param>
          </params>
          <reporter-output>
          </reporter-output>
        </test-method> <!-- PTC_RM_01_to_RM16_Verify_User_registarion_with_differentinputcombinations -->
        <test-method status="PASS" signature="closebrowser()[pri:0, instance:com.gurukula.AutomationTestgurkula.LTC_02_UserRegistration_Test@13fee20c]" name="closebrowser" is-config="true" duration-ms="1479" started-at="2019-05-09T00:19:37Z" finished-at="2019-05-09T00:19:39Z">
          <reporter-output>
          </reporter-output>
        </test-method> <!-- closebrowser -->
        <test-method status="PASS" signature="setupBeforeTest()[pri:0, instance:com.gurukula.AutomationTestgurkula.LTC_02_UserRegistration_Test@13fee20c]" name="setupBeforeTest" is-config="true" duration-ms="6518" started-at="2019-05-09T00:19:39Z" finished-at="2019-05-09T00:19:45Z">
          <reporter-output>
          </reporter-output>
        </test-method> <!-- setupBeforeTest -->
        <test-method status="PASS" signature="PTC_RM_01_to_RM16_Verify_User_registarion_with_differentinputcombinations(java.lang.String, java.lang.String, java.lang.String, java.lang.String, java.lang.String, java.lang.String)[pri:0, instance:com.gurukula.AutomationTestgurkula.LTC_02_UserRegistration_Test@13fee20c]" name="PTC_RM_01_to_RM16_Verify_User_registarion_with_differentinputcombinations" duration-ms="3332" started-at="2019-05-09T00:19:45Z" data-provider="userRegistrationdetails" finished-at="2019-05-09T00:19:49Z">
          <params>
            <param index="0">
              <value>
                <![CDATA[gopisrikanth1]]>
              </value>
            </param>
            <param index="1">
              <value>
                <![CDATA[gg]]>
              </value>
            </param>
            <param index="2">
              <value>
                <![CDATA[May@2019]]>
              </value>
            </param>
            <param index="3">
              <value>
                <![CDATA[october@2019]]>
              </value>
            </param>
            <param index="4">
              <value>
                <![CDATA[Your e-mail is invalid.Your e-mail is required to be at least 5 characters.]]>
              </value>
            </param>
            <param index="5">
              <value>
                <![CDATA[flagY]]>
              </value>
            </param>
          </params>
          <reporter-output>
          </reporter-output>
        </test-method> <!-- PTC_RM_01_to_RM16_Verify_User_registarion_with_differentinputcombinations -->
        <test-method status="PASS" signature="closebrowser()[pri:0, instance:com.gurukula.AutomationTestgurkula.LTC_02_UserRegistration_Test@13fee20c]" name="closebrowser" is-config="true" duration-ms="1363" started-at="2019-05-09T00:19:49Z" finished-at="2019-05-09T00:19:50Z">
          <reporter-output>
          </reporter-output>
        </test-method> <!-- closebrowser -->
        <test-method status="PASS" signature="setupBeforeTest()[pri:0, instance:com.gurukula.AutomationTestgurkula.LTC_02_UserRegistration_Test@13fee20c]" name="setupBeforeTest" is-config="true" duration-ms="6078" started-at="2019-05-09T00:19:50Z" finished-at="2019-05-09T00:19:56Z">
          <reporter-output>
          </reporter-output>
        </test-method> <!-- setupBeforeTest -->
        <test-method status="PASS" signature="PTC_RM_01_to_RM16_Verify_User_registarion_with_differentinputcombinations(java.lang.String, java.lang.String, java.lang.String, java.lang.String, java.lang.String, java.lang.String)[pri:0, instance:com.gurukula.AutomationTestgurkula.LTC_02_UserRegistration_Test@13fee20c]" name="PTC_RM_01_to_RM16_Verify_User_registarion_with_differentinputcombinations" duration-ms="5977" started-at="2019-05-09T00:19:56Z" data-provider="userRegistrationdetails" finished-at="2019-05-09T00:20:02Z">
          <params>
            <param index="0">
              <value>
                <![CDATA[gopisrikanth1]]>
              </value>
            </param>
            <param index="1">
              <value>
                <![CDATA[ggggggggggggggggggggggggggggggggggggggggggggggdddddddddddddddddddddddddddddddddddddddddddddddddddddddddddddddddddddddddddddd]]>
              </value>
            </param>
            <param index="2">
              <value>
                <![CDATA[May@2019]]>
              </value>
            </param>
            <param index="3">
              <value>
                <![CDATA[october@2019]]>
              </value>
            </param>
            <param index="4">
              <value>
                <![CDATA[Your e-mail is invalid.Your e-mail cannot be longer than 50 characters.]]>
              </value>
            </param>
            <param index="5">
              <value>
                <![CDATA[flagY]]>
              </value>
            </param>
          </params>
          <reporter-output>
          </reporter-output>
        </test-method> <!-- PTC_RM_01_to_RM16_Verify_User_registarion_with_differentinputcombinations -->
        <test-method status="PASS" signature="closebrowser()[pri:0, instance:com.gurukula.AutomationTestgurkula.LTC_02_UserRegistration_Test@13fee20c]" name="closebrowser" is-config="true" duration-ms="1714" started-at="2019-05-09T00:20:02Z" finished-at="2019-05-09T00:20:04Z">
          <reporter-output>
          </reporter-output>
        </test-method> <!-- closebrowser -->
        <test-method status="PASS" signature="setupBeforeTest()[pri:0, instance:com.gurukula.AutomationTestgurkula.LTC_02_UserRegistration_Test@13fee20c]" name="setupBeforeTest" is-config="true" duration-ms="6981" started-at="2019-05-09T00:20:04Z" finished-at="2019-05-09T00:20:11Z">
          <reporter-output>
          </reporter-output>
        </test-method> <!-- setupBeforeTest -->
        <test-method status="PASS" signature="PTC_RM_01_to_RM16_Verify_User_registarion_with_differentinputcombinations(java.lang.String, java.lang.String, java.lang.String, java.lang.String, java.lang.String, java.lang.String)[pri:0, instance:com.gurukula.AutomationTestgurkula.LTC_02_UserRegistration_Test@13fee20c]" name="PTC_RM_01_to_RM16_Verify_User_registarion_with_differentinputcombinations" duration-ms="4382" started-at="2019-05-09T00:20:11Z" data-provider="userRegistrationdetails" finished-at="2019-05-09T00:20:15Z">
          <params>
            <param index="0">
              <value>
                <![CDATA[gopisrikanth#]]>
              </value>
            </param>
            <param index="1">
              <value>
                <![CDATA[gopisrikanth1@gmail.com]]>
              </value>
            </param>
            <param index="2">
              <value>
                <![CDATA[May@2019]]>
              </value>
            </param>
            <param index="3">
              <value>
                <![CDATA[october@2019]]>
              </value>
            </param>
            <param index="4">
              <value>
                <![CDATA[Your login can only contain lower-case letters and digits.]]>
              </value>
            </param>
            <param index="5">
              <value>
                <![CDATA[flagY]]>
              </value>
            </param>
          </params>
          <reporter-output>
          </reporter-output>
        </test-method> <!-- PTC_RM_01_to_RM16_Verify_User_registarion_with_differentinputcombinations -->
        <test-method status="PASS" signature="closebrowser()[pri:0, instance:com.gurukula.AutomationTestgurkula.LTC_02_UserRegistration_Test@13fee20c]" name="closebrowser" is-config="true" duration-ms="1686" started-at="2019-05-09T00:20:15Z" finished-at="2019-05-09T00:20:17Z">
          <reporter-output>
          </reporter-output>
        </test-method> <!-- closebrowser -->
        <test-method status="PASS" signature="setupBeforeTest()[pri:0, instance:com.gurukula.AutomationTestgurkula.LTC_02_UserRegistration_Test@13fee20c]" name="setupBeforeTest" is-config="true" duration-ms="9721" started-at="2019-05-09T00:20:17Z" finished-at="2019-05-09T00:20:27Z">
          <reporter-output>
          </reporter-output>
        </test-method> <!-- setupBeforeTest -->
        <test-method status="PASS" signature="PTC_RM_01_to_RM16_Verify_User_registarion_with_differentinputcombinations(java.lang.String, java.lang.String, java.lang.String, java.lang.String, java.lang.String, java.lang.String)[pri:0, instance:com.gurukula.AutomationTestgurkula.LTC_02_UserRegistration_Test@13fee20c]" name="PTC_RM_01_to_RM16_Verify_User_registarion_with_differentinputcombinations" duration-ms="4067" started-at="2019-05-09T00:20:27Z" data-provider="userRegistrationdetails" finished-at="2019-05-09T00:20:31Z">
          <params>
            <param index="0">
              <value>
                <![CDATA[ggggggggggggggggggggggggggggggggggggggggggggggggggg]]>
              </value>
            </param>
            <param index="1">
              <value>
                <![CDATA[gopisrikanth1@gmail.com]]>
              </value>
            </param>
            <param index="2">
              <value>
                <![CDATA[May@2019]]>
              </value>
            </param>
            <param index="3">
              <value>
                <![CDATA[october@2019]]>
              </value>
            </param>
            <param index="4">
              <value>
                <![CDATA[Your login cannot be longer than 50 characters.]]>
              </value>
            </param>
            <param index="5">
              <value>
                <![CDATA[flagY]]>
              </value>
            </param>
          </params>
          <reporter-output>
          </reporter-output>
        </test-method> <!-- PTC_RM_01_to_RM16_Verify_User_registarion_with_differentinputcombinations -->
        <test-method status="PASS" signature="closebrowser()[pri:0, instance:com.gurukula.AutomationTestgurkula.LTC_02_UserRegistration_Test@13fee20c]" name="closebrowser" is-config="true" duration-ms="1396" started-at="2019-05-09T00:20:31Z" finished-at="2019-05-09T00:20:32Z">
          <reporter-output>
          </reporter-output>
        </test-method> <!-- closebrowser -->
        <test-method status="PASS" signature="setupBeforeTest()[pri:0, instance:com.gurukula.AutomationTestgurkula.LTC_02_UserRegistration_Test@13fee20c]" name="setupBeforeTest" is-config="true" duration-ms="8350" started-at="2019-05-09T00:20:32Z" finished-at="2019-05-09T00:20:40Z">
          <reporter-output>
          </reporter-output>
        </test-method> <!-- setupBeforeTest -->
        <test-method status="PASS" signature="PTC_RM_01_to_RM16_Verify_User_registarion_with_differentinputcombinations(java.lang.String, java.lang.String, java.lang.String, java.lang.String, java.lang.String, java.lang.String)[pri:0, instance:com.gurukula.AutomationTestgurkula.LTC_02_UserRegistration_Test@13fee20c]" name="PTC_RM_01_to_RM16_Verify_User_registarion_with_differentinputcombinations" duration-ms="3842" started-at="2019-05-09T00:20:40Z" data-provider="userRegistrationdetails" finished-at="2019-05-09T00:20:44Z">
          <params>
            <param index="0">
              <value>
                <![CDATA[gopisrikanth348]]>
              </value>
            </param>
            <param index="1">
              <value>
                <![CDATA[gopisrikanthkosuru@gmail.com]]>
              </value>
            </param>
            <param index="2">
              <value>
                <![CDATA[12]]>
              </value>
            </param>
            <param index="3">
              <value>
                <![CDATA[october@2019]]>
              </value>
            </param>
            <param index="4">
              <value>
                <![CDATA[Your password is required to be at least 5 characters.]]>
              </value>
            </param>
            <param index="5">
              <value>
                <![CDATA[flagY]]>
              </value>
            </param>
          </params>
          <reporter-output>
          </reporter-output>
        </test-method> <!-- PTC_RM_01_to_RM16_Verify_User_registarion_with_differentinputcombinations -->
        <test-method status="PASS" signature="closebrowser()[pri:0, instance:com.gurukula.AutomationTestgurkula.LTC_02_UserRegistration_Test@13fee20c]" name="closebrowser" is-config="true" duration-ms="1558" started-at="2019-05-09T00:20:44Z" finished-at="2019-05-09T00:20:46Z">
          <reporter-output>
          </reporter-output>
        </test-method> <!-- closebrowser -->
        <test-method status="PASS" signature="setupBeforeTest()[pri:0, instance:com.gurukula.AutomationTestgurkula.LTC_02_UserRegistration_Test@13fee20c]" name="setupBeforeTest" is-config="true" duration-ms="10814" started-at="2019-05-09T00:20:46Z" finished-at="2019-05-09T00:20:57Z">
          <reporter-output>
          </reporter-output>
        </test-method> <!-- setupBeforeTest -->
        <test-method status="PASS" signature="PTC_RM_01_to_RM16_Verify_User_registarion_with_differentinputcombinations(java.lang.String, java.lang.String, java.lang.String, java.lang.String, java.lang.String, java.lang.String)[pri:0, instance:com.gurukula.AutomationTestgurkula.LTC_02_UserRegistration_Test@13fee20c]" name="PTC_RM_01_to_RM16_Verify_User_registarion_with_differentinputcombinations" duration-ms="4056" started-at="2019-05-09T00:20:57Z" data-provider="userRegistrationdetails" finished-at="2019-05-09T00:21:01Z">
          <params>
            <param index="0">
              <value>
                <![CDATA[gopisrikanth348]]>
              </value>
            </param>
            <param index="1">
              <value>
                <![CDATA[gopisrikanthkosuru@gmail.com]]>
              </value>
            </param>
            <param index="2">
              <value>
                <![CDATA[ggggggggggggggggggggggggggggggggggggggggggggggggggg]]>
              </value>
            </param>
            <param index="3">
              <value>
                <![CDATA[october@2019]]>
              </value>
            </param>
            <param index="4">
              <value>
                <![CDATA[Your password cannot be longer than 50 characters.]]>
              </value>
            </param>
            <param index="5">
              <value>
                <![CDATA[flagY]]>
              </value>
            </param>
          </params>
          <reporter-output>
          </reporter-output>
        </test-method> <!-- PTC_RM_01_to_RM16_Verify_User_registarion_with_differentinputcombinations -->
        <test-method status="PASS" signature="closebrowser()[pri:0, instance:com.gurukula.AutomationTestgurkula.LTC_02_UserRegistration_Test@13fee20c]" name="closebrowser" is-config="true" duration-ms="1594" started-at="2019-05-09T00:21:01Z" finished-at="2019-05-09T00:21:02Z">
          <reporter-output>
          </reporter-output>
        </test-method> <!-- closebrowser -->
        <test-method status="PASS" signature="setupBeforeTest()[pri:0, instance:com.gurukula.AutomationTestgurkula.LTC_02_UserRegistration_Test@13fee20c]" name="setupBeforeTest" is-config="true" duration-ms="7018" started-at="2019-05-09T00:21:02Z" finished-at="2019-05-09T00:21:09Z">
          <reporter-output>
          </reporter-output>
        </test-method> <!-- setupBeforeTest -->
        <test-method status="PASS" signature="PTC_RM_01_to_RM16_Verify_User_registarion_with_differentinputcombinations(java.lang.String, java.lang.String, java.lang.String, java.lang.String, java.lang.String, java.lang.String)[pri:0, instance:com.gurukula.AutomationTestgurkula.LTC_02_UserRegistration_Test@13fee20c]" name="PTC_RM_01_to_RM16_Verify_User_registarion_with_differentinputcombinations" duration-ms="3528" started-at="2019-05-09T00:21:09Z" data-provider="userRegistrationdetails" finished-at="2019-05-09T00:21:13Z">
          <params>
            <param index="0">
              <value>
                <![CDATA[gopisrikanth348]]>
              </value>
            </param>
            <param index="1">
              <value>
                <![CDATA[gopisrikanthkosuru@gmail.com]]>
              </value>
            </param>
            <param index="2">
              <value>
                <![CDATA[october@2019]]>
              </value>
            </param>
            <param index="3">
              <value>
                <![CDATA[12]]>
              </value>
            </param>
            <param index="4">
              <value>
                <![CDATA[Your confirmation password is required to be at least 5 characters.]]>
              </value>
            </param>
            <param index="5">
              <value>
                <![CDATA[flagY]]>
              </value>
            </param>
          </params>
          <reporter-output>
          </reporter-output>
        </test-method> <!-- PTC_RM_01_to_RM16_Verify_User_registarion_with_differentinputcombinations -->
        <test-method status="PASS" signature="closebrowser()[pri:0, instance:com.gurukula.AutomationTestgurkula.LTC_02_UserRegistration_Test@13fee20c]" name="closebrowser" is-config="true" duration-ms="899" started-at="2019-05-09T00:21:13Z" finished-at="2019-05-09T00:21:14Z">
          <reporter-output>
          </reporter-output>
        </test-method> <!-- closebrowser -->
        <test-method status="PASS" signature="setupBeforeTest()[pri:0, instance:com.gurukula.AutomationTestgurkula.LTC_02_UserRegistration_Test@13fee20c]" name="setupBeforeTest" is-config="true" duration-ms="8861" started-at="2019-05-09T00:21:14Z" finished-at="2019-05-09T00:21:23Z">
          <reporter-output>
          </reporter-output>
        </test-method> <!-- setupBeforeTest -->
        <test-method status="PASS" signature="PTC_RM_01_to_RM16_Verify_User_registarion_with_differentinputcombinations(java.lang.String, java.lang.String, java.lang.String, java.lang.String, java.lang.String, java.lang.String)[pri:0, instance:com.gurukula.AutomationTestgurkula.LTC_02_UserRegistration_Test@13fee20c]" name="PTC_RM_01_to_RM16_Verify_User_registarion_with_differentinputcombinations" duration-ms="3054" started-at="2019-05-09T00:21:23Z" data-provider="userRegistrationdetails" finished-at="2019-05-09T00:21:26Z">
          <params>
            <param index="0">
              <value>
                <![CDATA[gopisrikanth348]]>
              </value>
            </param>
            <param index="1">
              <value>
                <![CDATA[gopisrikanthkosuru@gmail.com]]>
              </value>
            </param>
            <param index="2">
              <value>
                <![CDATA[october@2019]]>
              </value>
            </param>
            <param index="3">
              <value>
                <![CDATA[ggggggggggggggggggggggggggggggggggggggggggggggggggg]]>
              </value>
            </param>
            <param index="4">
              <value>
                <![CDATA[Your confirmation password cannot be longer than 50 characters.]]>
              </value>
            </param>
            <param index="5">
              <value>
                <![CDATA[flagY]]>
              </value>
            </param>
          </params>
          <reporter-output>
          </reporter-output>
        </test-method> <!-- PTC_RM_01_to_RM16_Verify_User_registarion_with_differentinputcombinations -->
        <test-method status="PASS" signature="closebrowser()[pri:0, instance:com.gurukula.AutomationTestgurkula.LTC_02_UserRegistration_Test@13fee20c]" name="closebrowser" is-config="true" duration-ms="996" started-at="2019-05-09T00:21:26Z" finished-at="2019-05-09T00:21:27Z">
          <reporter-output>
          </reporter-output>
        </test-method> <!-- closebrowser -->
        <test-method status="PASS" signature="setupBeforeTest()[pri:0, instance:com.gurukula.AutomationTestgurkula.LTC_02_UserRegistration_Test@13fee20c]" name="setupBeforeTest" is-config="true" duration-ms="8116" started-at="2019-05-09T00:21:27Z" finished-at="2019-05-09T00:21:35Z">
          <reporter-output>
          </reporter-output>
        </test-method> <!-- setupBeforeTest -->
        <test-method status="PASS" signature="PTC_RM_01_to_RM16_Verify_User_registarion_with_differentinputcombinations(java.lang.String, java.lang.String, java.lang.String, java.lang.String, java.lang.String, java.lang.String)[pri:0, instance:com.gurukula.AutomationTestgurkula.LTC_02_UserRegistration_Test@13fee20c]" name="PTC_RM_01_to_RM16_Verify_User_registarion_with_differentinputcombinations" duration-ms="3025" started-at="2019-05-09T00:21:35Z" data-provider="userRegistrationdetails" finished-at="2019-05-09T00:21:38Z">
          <params>
            <param index="0">
              <value>
                <![CDATA[gopisrikanth348]]>
              </value>
            </param>
            <param index="1">
              <value>
                <![CDATA[gopisrikanthkosuru@gmail.com]]>
              </value>
            </param>
            <param index="2">
              <value>
                <![CDATA[october@2019]]>
              </value>
            </param>
            <param index="3">
              <value>
                <![CDATA[]]>
              </value>
            </param>
            <param index="4">
              <value>
                <![CDATA[Your confirmation password is required.]]>
              </value>
            </param>
            <param index="5">
              <value>
                <![CDATA[flagY]]>
              </value>
            </param>
          </params>
          <reporter-output>
          </reporter-output>
        </test-method> <!-- PTC_RM_01_to_RM16_Verify_User_registarion_with_differentinputcombinations -->
        <test-method status="PASS" signature="closebrowser()[pri:0, instance:com.gurukula.AutomationTestgurkula.LTC_02_UserRegistration_Test@13fee20c]" name="closebrowser" is-config="true" duration-ms="1140" started-at="2019-05-09T00:21:38Z" finished-at="2019-05-09T00:21:39Z">
          <reporter-output>
          </reporter-output>
        </test-method> <!-- closebrowser -->
        <test-method status="PASS" signature="setupBeforeTest()[pri:0, instance:com.gurukula.AutomationTestgurkula.LTC_02_UserRegistration_Test@13fee20c]" name="setupBeforeTest" is-config="true" duration-ms="9511" started-at="2019-05-09T00:21:39Z" finished-at="2019-05-09T00:21:48Z">
          <reporter-output>
          </reporter-output>
        </test-method> <!-- setupBeforeTest -->
        <test-method status="PASS" signature="PTC_RM_01_to_RM16_Verify_User_registarion_with_differentinputcombinations(java.lang.String, java.lang.String, java.lang.String, java.lang.String, java.lang.String, java.lang.String)[pri:0, instance:com.gurukula.AutomationTestgurkula.LTC_02_UserRegistration_Test@13fee20c]" name="PTC_RM_01_to_RM16_Verify_User_registarion_with_differentinputcombinations" duration-ms="3860" started-at="2019-05-09T00:21:48Z" data-provider="userRegistrationdetails" finished-at="2019-05-09T00:21:52Z">
          <params>
            <param index="0">
              <value>
                <![CDATA[gopisrikanth348]]>
              </value>
            </param>
            <param index="1">
              <value>
                <![CDATA[gopisrikanthkosuru@gmail.com]]>
              </value>
            </param>
            <param index="2">
              <value>
                <![CDATA[]]>
              </value>
            </param>
            <param index="3">
              <value>
                <![CDATA[october@2019]]>
              </value>
            </param>
            <param index="4">
              <value>
                <![CDATA[Your password is required.]]>
              </value>
            </param>
            <param index="5">
              <value>
                <![CDATA[flagY]]>
              </value>
            </param>
          </params>
          <reporter-output>
          </reporter-output>
        </test-method> <!-- PTC_RM_01_to_RM16_Verify_User_registarion_with_differentinputcombinations -->
        <test-method status="PASS" signature="closebrowser()[pri:0, instance:com.gurukula.AutomationTestgurkula.LTC_02_UserRegistration_Test@13fee20c]" name="closebrowser" is-config="true" duration-ms="1214" started-at="2019-05-09T00:21:52Z" finished-at="2019-05-09T00:21:53Z">
          <reporter-output>
          </reporter-output>
        </test-method> <!-- closebrowser -->
        <test-method status="PASS" signature="setupBeforeTest()[pri:0, instance:com.gurukula.AutomationTestgurkula.LTC_02_UserRegistration_Test@13fee20c]" name="setupBeforeTest" is-config="true" duration-ms="10313" started-at="2019-05-09T00:21:53Z" finished-at="2019-05-09T00:22:04Z">
          <reporter-output>
          </reporter-output>
        </test-method> <!-- setupBeforeTest -->
        <test-method status="PASS" signature="PTC_RM_01_to_RM16_Verify_User_registarion_with_differentinputcombinations(java.lang.String, java.lang.String, java.lang.String, java.lang.String, java.lang.String, java.lang.String)[pri:0, instance:com.gurukula.AutomationTestgurkula.LTC_02_UserRegistration_Test@13fee20c]" name="PTC_RM_01_to_RM16_Verify_User_registarion_with_differentinputcombinations" duration-ms="2784" started-at="2019-05-09T00:22:04Z" data-provider="userRegistrationdetails" finished-at="2019-05-09T00:22:07Z">
          <params>
            <param index="0">
              <value>
                <![CDATA[gopisrikanth348]]>
              </value>
            </param>
            <param index="1">
              <value>
                <![CDATA[]]>
              </value>
            </param>
            <param index="2">
              <value>
                <![CDATA[october@2019]]>
              </value>
            </param>
            <param index="3">
              <value>
                <![CDATA[october@2019]]>
              </value>
            </param>
            <param index="4">
              <value>
                <![CDATA[Your e-mail is required.]]>
              </value>
            </param>
            <param index="5">
              <value>
                <![CDATA[flagY]]>
              </value>
            </param>
          </params>
          <reporter-output>
          </reporter-output>
        </test-method> <!-- PTC_RM_01_to_RM16_Verify_User_registarion_with_differentinputcombinations -->
        <test-method status="PASS" signature="closebrowser()[pri:0, instance:com.gurukula.AutomationTestgurkula.LTC_02_UserRegistration_Test@13fee20c]" name="closebrowser" is-config="true" duration-ms="893" started-at="2019-05-09T00:22:07Z" finished-at="2019-05-09T00:22:07Z">
          <reporter-output>
          </reporter-output>
        </test-method> <!-- closebrowser -->
        <test-method status="PASS" signature="setupBeforeTest()[pri:0, instance:com.gurukula.AutomationTestgurkula.LTC_02_UserRegistration_Test@13fee20c]" name="setupBeforeTest" is-config="true" duration-ms="8855" started-at="2019-05-09T00:22:07Z" finished-at="2019-05-09T00:22:16Z">
          <reporter-output>
          </reporter-output>
        </test-method> <!-- setupBeforeTest -->
        <test-method status="PASS" signature="PTC_RM_01_to_RM16_Verify_User_registarion_with_differentinputcombinations(java.lang.String, java.lang.String, java.lang.String, java.lang.String, java.lang.String, java.lang.String)[pri:0, instance:com.gurukula.AutomationTestgurkula.LTC_02_UserRegistration_Test@13fee20c]" name="PTC_RM_01_to_RM16_Verify_User_registarion_with_differentinputcombinations" duration-ms="3501" started-at="2019-05-09T00:22:16Z" data-provider="userRegistrationdetails" finished-at="2019-05-09T00:22:20Z">
          <params>
            <param index="0">
              <value>
                <![CDATA[]]>
              </value>
            </param>
            <param index="1">
              <value>
                <![CDATA[gopisrikanthkosuru@gmail.com]]>
              </value>
            </param>
            <param index="2">
              <value>
                <![CDATA[october@2019]]>
              </value>
            </param>
            <param index="3">
              <value>
                <![CDATA[october@2019]]>
              </value>
            </param>
            <param index="4">
              <value>
                <![CDATA[Your login is required.]]>
              </value>
            </param>
            <param index="5">
              <value>
                <![CDATA[flagY]]>
              </value>
            </param>
          </params>
          <reporter-output>
          </reporter-output>
        </test-method> <!-- PTC_RM_01_to_RM16_Verify_User_registarion_with_differentinputcombinations -->
        <test-method status="PASS" signature="closebrowser()[pri:0, instance:com.gurukula.AutomationTestgurkula.LTC_02_UserRegistration_Test@13fee20c]" name="closebrowser" is-config="true" duration-ms="1211" started-at="2019-05-09T00:22:20Z" finished-at="2019-05-09T00:22:21Z">
          <reporter-output>
          </reporter-output>
        </test-method> <!-- closebrowser -->
      </class> <!-- com.gurukula.AutomationTestgurkula.LTC_02_UserRegistration_Test -->
      <class name="com.gurukula.AutomationTestgurkula.LTC_05_StaffManagement_Test">
        <test-method status="PASS" signature="setupBeforeTest(java.lang.String, java.lang.String, java.lang.String)[pri:0, instance:com.gurukula.AutomationTestgurkula.LTC_05_StaffManagement_Test@3b81a1bc]" name="setupBeforeTest" is-config="true" duration-ms="11647" started-at="2019-05-09T00:28:55Z" finished-at="2019-05-09T00:29:07Z">
          <params>
            <param index="0">
              <value>
                <![CDATA[admin]]>
              </value>
            </param>
            <param index="1">
              <value>
                <![CDATA[admin]]>
              </value>
            </param>
            <param index="2">
              <value>
                <![CDATA[You are logged in as user ]]>
              </value>
            </param>
          </params>
          <reporter-output>
          </reporter-output>
        </test-method> <!-- setupBeforeTest -->
        <test-method status="PASS" signature="PTC_SM_001_Verify_StaffCreation(java.lang.String, java.lang.String)[pri:0, instance:com.gurukula.AutomationTestgurkula.LTC_05_StaffManagement_Test@3b81a1bc]" name="PTC_SM_001_Verify_StaffCreation" duration-ms="6708" started-at="2019-05-09T00:29:07Z" data-provider="createStaffvalidData" finished-at="2019-05-09T00:29:13Z">
          <params>
            <param index="0">
              <value>
                <![CDATA[srikanth]]>
              </value>
            </param>
            <param index="1">
              <value>
                <![CDATA[CIVILENG]]>
              </value>
            </param>
          </params>
          <reporter-output>
          </reporter-output>
        </test-method> <!-- PTC_SM_001_Verify_StaffCreation -->
        <test-method status="PASS" signature="closebrowser()[pri:0, instance:com.gurukula.AutomationTestgurkula.LTC_05_StaffManagement_Test@3b81a1bc]" name="closebrowser" is-config="true" duration-ms="933" started-at="2019-05-09T00:29:13Z" finished-at="2019-05-09T00:29:14Z">
          <reporter-output>
          </reporter-output>
        </test-method> <!-- closebrowser -->
        <test-method status="PASS" signature="setupBeforeTest(java.lang.String, java.lang.String, java.lang.String)[pri:0, instance:com.gurukula.AutomationTestgurkula.LTC_05_StaffManagement_Test@3b81a1bc]" name="setupBeforeTest" is-config="true" duration-ms="11273" started-at="2019-05-09T00:29:14Z" finished-at="2019-05-09T00:29:26Z">
          <params>
            <param index="0">
              <value>
                <![CDATA[admin]]>
              </value>
            </param>
            <param index="1">
              <value>
                <![CDATA[admin]]>
              </value>
            </param>
            <param index="2">
              <value>
                <![CDATA[You are logged in as user ]]>
              </value>
            </param>
          </params>
          <reporter-output>
          </reporter-output>
        </test-method> <!-- setupBeforeTest -->
        <test-method status="PASS" signature="PTC_SM_001_Verify_StaffCreation(java.lang.String, java.lang.String)[pri:0, instance:com.gurukula.AutomationTestgurkula.LTC_05_StaffManagement_Test@3b81a1bc]" name="PTC_SM_001_Verify_StaffCreation" duration-ms="6652" started-at="2019-05-09T00:29:26Z" data-provider="createStaffvalidData" finished-at="2019-05-09T00:29:32Z">
          <params>
            <param index="0">
              <value>
                <![CDATA[gopi]]>
              </value>
            </param>
            <param index="1">
              <value>
                <![CDATA[CIVILENG]]>
              </value>
            </param>
          </params>
          <reporter-output>
          </reporter-output>
        </test-method> <!-- PTC_SM_001_Verify_StaffCreation -->
        <test-method status="PASS" signature="closebrowser()[pri:0, instance:com.gurukula.AutomationTestgurkula.LTC_05_StaffManagement_Test@3b81a1bc]" name="closebrowser" is-config="true" duration-ms="1215" started-at="2019-05-09T00:29:32Z" finished-at="2019-05-09T00:29:33Z">
          <reporter-output>
          </reporter-output>
        </test-method> <!-- closebrowser -->
        <test-method status="PASS" signature="setupBeforeTest(java.lang.String, java.lang.String, java.lang.String)[pri:0, instance:com.gurukula.AutomationTestgurkula.LTC_05_StaffManagement_Test@3b81a1bc]" name="setupBeforeTest" is-config="true" duration-ms="11471" started-at="2019-05-09T00:29:33Z" finished-at="2019-05-09T00:29:45Z">
          <params>
            <param index="0">
              <value>
                <![CDATA[admin]]>
              </value>
            </param>
            <param index="1">
              <value>
                <![CDATA[admin]]>
              </value>
            </param>
            <param index="2">
              <value>
                <![CDATA[You are logged in as user ]]>
              </value>
            </param>
          </params>
          <reporter-output>
          </reporter-output>
        </test-method> <!-- setupBeforeTest -->
        <test-method status="PASS" signature="PTC_SM_001_Verify_StaffCreation(java.lang.String, java.lang.String)[pri:0, instance:com.gurukula.AutomationTestgurkula.LTC_05_StaffManagement_Test@3b81a1bc]" name="PTC_SM_001_Verify_StaffCreation" duration-ms="7123" started-at="2019-05-09T00:29:45Z" data-provider="createStaffvalidData" finished-at="2019-05-09T00:29:52Z">
          <params>
            <param index="0">
              <value>
                <![CDATA[kosuru]]>
              </value>
            </param>
            <param index="1">
              <value>
                <![CDATA[CIVILENG]]>
              </value>
            </param>
          </params>
          <reporter-output>
          </reporter-output>
        </test-method> <!-- PTC_SM_001_Verify_StaffCreation -->
        <test-method status="PASS" signature="closebrowser()[pri:0, instance:com.gurukula.AutomationTestgurkula.LTC_05_StaffManagement_Test@3b81a1bc]" name="closebrowser" is-config="true" duration-ms="911" started-at="2019-05-09T00:29:52Z" finished-at="2019-05-09T00:29:53Z">
          <reporter-output>
          </reporter-output>
        </test-method> <!-- closebrowser -->
        <test-method status="PASS" signature="setupBeforeTest(java.lang.String, java.lang.String, java.lang.String)[pri:0, instance:com.gurukula.AutomationTestgurkula.LTC_05_StaffManagement_Test@3b81a1bc]" name="setupBeforeTest" is-config="true" duration-ms="12257" started-at="2019-05-09T00:29:53Z" finished-at="2019-05-09T00:30:05Z">
          <params>
            <param index="0">
              <value>
                <![CDATA[admin]]>
              </value>
            </param>
            <param index="1">
              <value>
                <![CDATA[admin]]>
              </value>
            </param>
            <param index="2">
              <value>
                <![CDATA[You are logged in as user ]]>
              </value>
            </param>
          </params>
          <reporter-output>
          </reporter-output>
        </test-method> <!-- setupBeforeTest -->
        <test-method status="PASS" signature="PTC_SM_002_Verify_Branch_view_functionality()[pri:0, instance:com.gurukula.AutomationTestgurkula.LTC_05_StaffManagement_Test@3b81a1bc]" name="PTC_SM_002_Verify_Branch_view_functionality" duration-ms="383" started-at="2019-05-09T00:30:05Z" finished-at="2019-05-09T00:30:06Z">
          <reporter-output>
          </reporter-output>
        </test-method> <!-- PTC_SM_002_Verify_Branch_view_functionality -->
        <test-method status="PASS" signature="closebrowser()[pri:0, instance:com.gurukula.AutomationTestgurkula.LTC_05_StaffManagement_Test@3b81a1bc]" name="closebrowser" is-config="true" duration-ms="830" started-at="2019-05-09T00:30:06Z" finished-at="2019-05-09T00:30:06Z">
          <reporter-output>
          </reporter-output>
        </test-method> <!-- closebrowser -->
        <test-method status="PASS" signature="setupBeforeTest(java.lang.String, java.lang.String, java.lang.String)[pri:0, instance:com.gurukula.AutomationTestgurkula.LTC_05_StaffManagement_Test@3b81a1bc]" name="setupBeforeTest" is-config="true" duration-ms="11478" started-at="2019-05-09T00:30:06Z" finished-at="2019-05-09T00:30:18Z">
          <params>
            <param index="0">
              <value>
                <![CDATA[admin]]>
              </value>
            </param>
            <param index="1">
              <value>
                <![CDATA[admin]]>
              </value>
            </param>
            <param index="2">
              <value>
                <![CDATA[You are logged in as user ]]>
              </value>
            </param>
          </params>
          <reporter-output>
          </reporter-output>
        </test-method> <!-- setupBeforeTest -->
        <test-method status="PASS" signature="PTC_SM_003_Verify_BranchEditing(java.lang.String, java.lang.String)[pri:0, instance:com.gurukula.AutomationTestgurkula.LTC_05_StaffManagement_Test@3b81a1bc]" name="PTC_SM_003_Verify_BranchEditing" duration-ms="6604" started-at="2019-05-09T00:30:18Z" finished-at="2019-05-09T00:30:24Z">
          <params>
            <param index="0">
              <value>
                <![CDATA[STAFFEDIT]]>
              </value>
            </param>
            <param index="1">
              <value>
                <![CDATA[CIVILENG]]>
              </value>
            </param>
          </params>
          <reporter-output>
          </reporter-output>
        </test-method> <!-- PTC_SM_003_Verify_BranchEditing -->
        <test-method status="PASS" signature="closebrowser()[pri:0, instance:com.gurukula.AutomationTestgurkula.LTC_05_StaffManagement_Test@3b81a1bc]" name="closebrowser" is-config="true" duration-ms="863" started-at="2019-05-09T00:30:24Z" finished-at="2019-05-09T00:30:25Z">
          <reporter-output>
          </reporter-output>
        </test-method> <!-- closebrowser -->
        <test-method status="PASS" signature="setupBeforeTest(java.lang.String, java.lang.String, java.lang.String)[pri:0, instance:com.gurukula.AutomationTestgurkula.LTC_05_StaffManagement_Test@3b81a1bc]" name="setupBeforeTest" is-config="true" duration-ms="11271" started-at="2019-05-09T00:30:25Z" finished-at="2019-05-09T00:30:37Z">
          <params>
            <param index="0">
              <value>
                <![CDATA[admin]]>
              </value>
            </param>
            <param index="1">
              <value>
                <![CDATA[admin]]>
              </value>
            </param>
            <param index="2">
              <value>
                <![CDATA[You are logged in as user ]]>
              </value>
            </param>
          </params>
          <reporter-output>
          </reporter-output>
        </test-method> <!-- setupBeforeTest -->
        <test-method status="PASS" signature="PTC_SM_004_Verify_delete_functionality()[pri:0, instance:com.gurukula.AutomationTestgurkula.LTC_05_StaffManagement_Test@3b81a1bc]" name="PTC_SM_004_Verify_delete_functionality" duration-ms="2042" started-at="2019-05-09T00:30:37Z" finished-at="2019-05-09T00:30:39Z">
          <reporter-output>
          </reporter-output>
        </test-method> <!-- PTC_SM_004_Verify_delete_functionality -->
        <test-method status="PASS" signature="closebrowser()[pri:0, instance:com.gurukula.AutomationTestgurkula.LTC_05_StaffManagement_Test@3b81a1bc]" name="closebrowser" is-config="true" duration-ms="1000" started-at="2019-05-09T00:30:39Z" finished-at="2019-05-09T00:30:40Z">
          <reporter-output>
          </reporter-output>
        </test-method> <!-- closebrowser -->
        <test-method status="PASS" signature="setupBeforeTest(java.lang.String, java.lang.String, java.lang.String)[pri:0, instance:com.gurukula.AutomationTestgurkula.LTC_05_StaffManagement_Test@3b81a1bc]" name="setupBeforeTest" is-config="true" duration-ms="12301" started-at="2019-05-09T00:30:40Z" finished-at="2019-05-09T00:30:52Z">
          <params>
            <param index="0">
              <value>
                <![CDATA[admin]]>
              </value>
            </param>
            <param index="1">
              <value>
                <![CDATA[admin]]>
              </value>
            </param>
            <param index="2">
              <value>
                <![CDATA[You are logged in as user ]]>
              </value>
            </param>
          </params>
          <reporter-output>
          </reporter-output>
        </test-method> <!-- setupBeforeTest -->
        <test-method status="PASS" signature="PTC_SM_007_to_SM_009_Verify_Createbranch_functionality_withvariousinputs(java.lang.String, java.lang.String, java.lang.String)[pri:0, instance:com.gurukula.AutomationTestgurkula.LTC_05_StaffManagement_Test@3b81a1bc]" name="PTC_SM_007_to_SM_009_Verify_Createbranch_functionality_withvariousinputs" duration-ms="6515" started-at="2019-05-09T00:30:52Z" data-provider="createStaffinvalidData" finished-at="2019-05-09T00:30:58Z">
          <params>
            <param index="0">
              <value>
                <![CDATA[aaaaaaaaaaaaaaaaaaaaaaaaaaaaaaaaaaaaaaaaaaaaaaaaaaaaaaaaaaaaaa]]>
              </value>
            </param>
            <param index="1">
              <value>
                <![CDATA[CIVILENG]]>
              </value>
            </param>
            <param index="2">
              <value>
                <![CDATA[This field cannot be longer than 50 characters.]]>
              </value>
            </param>
          </params>
          <reporter-output>
          </reporter-output>
        </test-method> <!-- PTC_SM_007_to_SM_009_Verify_Createbranch_functionality_withvariousinputs -->
        <test-method status="PASS" signature="closebrowser()[pri:0, instance:com.gurukula.AutomationTestgurkula.LTC_05_StaffManagement_Test@3b81a1bc]" name="closebrowser" is-config="true" duration-ms="858" started-at="2019-05-09T00:30:58Z" finished-at="2019-05-09T00:30:59Z">
          <reporter-output>
          </reporter-output>
        </test-method> <!-- closebrowser -->
        <test-method status="PASS" signature="setupBeforeTest(java.lang.String, java.lang.String, java.lang.String)[pri:0, instance:com.gurukula.AutomationTestgurkula.LTC_05_StaffManagement_Test@3b81a1bc]" name="setupBeforeTest" is-config="true" duration-ms="11804" started-at="2019-05-09T00:30:59Z" finished-at="2019-05-09T00:31:11Z">
          <params>
            <param index="0">
              <value>
                <![CDATA[admin]]>
              </value>
            </param>
            <param index="1">
              <value>
                <![CDATA[admin]]>
              </value>
            </param>
            <param index="2">
              <value>
                <![CDATA[You are logged in as user ]]>
              </value>
            </param>
          </params>
          <reporter-output>
          </reporter-output>
        </test-method> <!-- setupBeforeTest -->
        <test-method status="PASS" signature="PTC_SM_007_to_SM_009_Verify_Createbranch_functionality_withvariousinputs(java.lang.String, java.lang.String, java.lang.String)[pri:0, instance:com.gurukula.AutomationTestgurkula.LTC_05_StaffManagement_Test@3b81a1bc]" name="PTC_SM_007_to_SM_009_Verify_Createbranch_functionality_withvariousinputs" duration-ms="5821" started-at="2019-05-09T00:31:11Z" data-provider="createStaffinvalidData" finished-at="2019-05-09T00:31:17Z">
          <params>
            <param index="0">
              <value>
                <![CDATA[]]>
              </value>
            </param>
            <param index="1">
              <value>
                <![CDATA[CIVILENG]]>
              </value>
            </param>
            <param index="2">
              <value>
                <![CDATA[This field is required.]]>
              </value>
            </param>
          </params>
          <reporter-output>
          </reporter-output>
        </test-method> <!-- PTC_SM_007_to_SM_009_Verify_Createbranch_functionality_withvariousinputs -->
        <test-method status="PASS" signature="closebrowser()[pri:0, instance:com.gurukula.AutomationTestgurkula.LTC_05_StaffManagement_Test@3b81a1bc]" name="closebrowser" is-config="true" duration-ms="840" started-at="2019-05-09T00:31:17Z" finished-at="2019-05-09T00:31:18Z">
          <reporter-output>
          </reporter-output>
        </test-method> <!-- closebrowser -->
        <test-method status="PASS" signature="setupBeforeTest(java.lang.String, java.lang.String, java.lang.String)[pri:0, instance:com.gurukula.AutomationTestgurkula.LTC_05_StaffManagement_Test@3b81a1bc]" name="setupBeforeTest" is-config="true" duration-ms="12546" started-at="2019-05-09T00:31:18Z" finished-at="2019-05-09T00:31:30Z">
          <params>
            <param index="0">
              <value>
                <![CDATA[admin]]>
              </value>
            </param>
            <param index="1">
              <value>
                <![CDATA[admin]]>
              </value>
            </param>
            <param index="2">
              <value>
                <![CDATA[You are logged in as user ]]>
              </value>
            </param>
          </params>
          <reporter-output>
          </reporter-output>
        </test-method> <!-- setupBeforeTest -->
        <test-method status="PASS" signature="PTC_SM_007_to_SM_009_Verify_Createbranch_functionality_withvariousinputs(java.lang.String, java.lang.String, java.lang.String)[pri:0, instance:com.gurukula.AutomationTestgurkula.LTC_05_StaffManagement_Test@3b81a1bc]" name="PTC_SM_007_to_SM_009_Verify_Createbranch_functionality_withvariousinputs" duration-ms="5816" started-at="2019-05-09T00:31:30Z" data-provider="createStaffinvalidData" finished-at="2019-05-09T00:31:36Z">
          <params>
            <param index="0">
              <value>
                <![CDATA[1111]]>
              </value>
            </param>
            <param index="1">
              <value>
                <![CDATA[CIVILENG]]>
              </value>
            </param>
            <param index="2">
              <value>
                <![CDATA[This field should follow pattern ^[a-zA-Z\s]*$.]]>
              </value>
            </param>
          </params>
          <reporter-output>
          </reporter-output>
        </test-method> <!-- PTC_SM_007_to_SM_009_Verify_Createbranch_functionality_withvariousinputs -->
        <test-method status="PASS" signature="closebrowser()[pri:0, instance:com.gurukula.AutomationTestgurkula.LTC_05_StaffManagement_Test@3b81a1bc]" name="closebrowser" is-config="true" duration-ms="819" started-at="2019-05-09T00:31:36Z" finished-at="2019-05-09T00:31:37Z">
          <reporter-output>
          </reporter-output>
        </test-method> <!-- closebrowser -->
      </class> <!-- com.gurukula.AutomationTestgurkula.LTC_05_StaffManagement_Test -->
      <class name="com.gurukula.AutomationTestgurkula.LTC_03_AcccountManagement_Test">
        <test-method status="PASS" signature="setupBeforeTest(java.lang.String, java.lang.String, java.lang.String)[pri:0, instance:com.gurukula.AutomationTestgurkula.LTC_03_AcccountManagement_Test@64616ca2]" name="setupBeforeTest" is-config="true" duration-ms="10604" started-at="2019-05-09T00:22:21Z" finished-at="2019-05-09T00:22:32Z">
          <params>
            <param index="0">
              <value>
                <![CDATA[admin]]>
              </value>
            </param>
            <param index="1">
              <value>
                <![CDATA[admin]]>
              </value>
            </param>
            <param index="2">
              <value>
                <![CDATA[You are logged in as user ]]>
              </value>
            </param>
          </params>
          <reporter-output>
          </reporter-output>
        </test-method> <!-- setupBeforeTest -->
        <test-method status="FAIL" signature="PTC_AC01_to_AC07_Verify_User_settings_with_differentinputcombinations(java.lang.String, java.lang.String, java.lang.String, java.lang.String, java.lang.String)[pri:0, instance:com.gurukula.AutomationTestgurkula.LTC_03_AcccountManagement_Test@64616ca2]" name="PTC_AC01_to_AC07_Verify_User_settings_with_differentinputcombinations" duration-ms="1365" started-at="2019-05-09T00:22:32Z" data-provider="userSettingsData" finished-at="2019-05-09T00:22:33Z">
          <params>
            <param index="0">
              <value>
                <![CDATA[Admin firstname]]>
              </value>
            </param>
            <param index="1">
              <value>
                <![CDATA[Admin lastname]]>
              </value>
            </param>
            <param index="2">
              <value>
                <![CDATA[admin1@localhost]]>
              </value>
            </param>
            <param index="3">
              <value>
                <![CDATA[Settings saved!]]>
              </value>
            </param>
            <param index="4">
              <value>
                <![CDATA[flagX]]>
              </value>
            </param>
          </params>
          <exception class="java.lang.AssertionError">
            <message>
              <![CDATA[expected [Settings saved!] but found []]]>
            </message>
            <full-stacktrace>
              <![CDATA[java.lang.AssertionError: expected [Settings saved!] but found []
	at org.testng.Assert.fail(Assert.java:94)
	at org.testng.Assert.failNotEquals(Assert.java:494)
	at org.testng.Assert.assertEquals(Assert.java:123)
	at org.testng.Assert.assertEquals(Assert.java:176)
	at org.testng.Assert.assertEquals(Assert.java:186)
	at com.gurukula.AutomationTestgurkula.LTC_03_AcccountManagement_Test.PTC_AC01_to_AC07_Verify_User_settings_with_differentinputcombinations(LTC_03_AcccountManagement_Test.java:61)
	at sun.reflect.NativeMethodAccessorImpl.invoke0(Native Method)
	at sun.reflect.NativeMethodAccessorImpl.invoke(NativeMethodAccessorImpl.java:62)
	at sun.reflect.DelegatingMethodAccessorImpl.invoke(DelegatingMethodAccessorImpl.java:43)
	at java.lang.reflect.Method.invoke(Method.java:498)
	at org.testng.internal.MethodInvocationHelper.invokeMethod(MethodInvocationHelper.java:80)
	at org.testng.internal.Invoker.invokeMethod(Invoker.java:714)
	at org.testng.internal.Invoker.invokeTestMethod(Invoker.java:901)
	at org.testng.internal.Invoker.invokeTestMethods(Invoker.java:1231)
	at org.testng.internal.TestMethodWorker.invokeTestMethods(TestMethodWorker.java:127)
	at org.testng.internal.TestMethodWorker.run(TestMethodWorker.java:111)
	at org.testng.TestRunner.privateRun(TestRunner.java:767)
	at org.testng.TestRunner.run(TestRunner.java:617)
	at org.testng.SuiteRunner.runTest(SuiteRunner.java:334)
	at org.testng.SuiteRunner.runSequentially(SuiteRunner.java:329)
	at org.testng.SuiteRunner.privateRun(SuiteRunner.java:291)
	at org.testng.SuiteRunner.run(SuiteRunner.java:240)
	at org.testng.SuiteRunnerWorker.runSuite(SuiteRunnerWorker.java:52)
	at org.testng.SuiteRunnerWorker.run(SuiteRunnerWorker.java:86)
	at org.testng.TestNG.runSuitesSequentially(TestNG.java:1198)
	at org.testng.TestNG.runSuitesLocally(TestNG.java:1123)
	at org.testng.TestNG.run(TestNG.java:1031)
	at org.apache.maven.surefire.testng.TestNGExecutor.run(TestNGExecutor.java:178)
	at org.apache.maven.surefire.testng.TestNGXmlTestSuite.execute(TestNGXmlTestSuite.java:92)
	at org.apache.maven.surefire.testng.TestNGProvider.invoke(TestNGProvider.java:96)
	at sun.reflect.NativeMethodAccessorImpl.invoke0(Native Method)
	at sun.reflect.NativeMethodAccessorImpl.invoke(NativeMethodAccessorImpl.java:62)
	at sun.reflect.DelegatingMethodAccessorImpl.invoke(DelegatingMethodAccessorImpl.java:43)
	at java.lang.reflect.Method.invoke(Method.java:498)
	at org.apache.maven.surefire.util.ReflectionUtils.invokeMethodWithArray2(ReflectionUtils.java:208)
	at org.apache.maven.surefire.booter.ProviderFactory$ProviderProxy.invoke(ProviderFactory.java:159)
	at org.apache.maven.surefire.booter.ProviderFactory.invokeProvider(ProviderFactory.java:87)
	at org.apache.maven.surefire.booter.ForkedBooter.runSuitesInProcess(ForkedBooter.java:153)
	at org.apache.maven.surefire.booter.ForkedBooter.main(ForkedBooter.java:95)
]]>
            </full-stacktrace>
          </exception> <!-- java.lang.AssertionError -->
          <reporter-output>
          </reporter-output>
        </test-method> <!-- PTC_AC01_to_AC07_Verify_User_settings_with_differentinputcombinations -->
        <test-method status="PASS" signature="closebrowser()[pri:0, instance:com.gurukula.AutomationTestgurkula.LTC_03_AcccountManagement_Test@64616ca2]" name="closebrowser" is-config="true" duration-ms="1190" started-at="2019-05-09T00:22:33Z" finished-at="2019-05-09T00:22:34Z">
          <reporter-output>
          </reporter-output>
        </test-method> <!-- closebrowser -->
        <test-method status="PASS" signature="setupBeforeTest(java.lang.String, java.lang.String, java.lang.String)[pri:0, instance:com.gurukula.AutomationTestgurkula.LTC_03_AcccountManagement_Test@64616ca2]" name="setupBeforeTest" is-config="true" duration-ms="8078" started-at="2019-05-09T00:22:34Z" finished-at="2019-05-09T00:22:42Z">
          <params>
            <param index="0">
              <value>
                <![CDATA[admin]]>
              </value>
            </param>
            <param index="1">
              <value>
                <![CDATA[admin]]>
              </value>
            </param>
            <param index="2">
              <value>
                <![CDATA[You are logged in as user ]]>
              </value>
            </param>
          </params>
          <reporter-output>
          </reporter-output>
        </test-method> <!-- setupBeforeTest -->
[...]
          <params>
            <param index="0">
              <value>
                <![CDATA[admin]]>
              </value>
            </param>
            <param index="1">
              <value>
                <![CDATA[admin]]>
              </value>
            </param>
            <param index="2">
              <value>
                <![CDATA[You are logged in as user ]]>
              </value>
            </param>
          </params>
          <reporter-output>
          </reporter-output>
        </test-method> <!-- setupBeforeTest -->
        <test-method status="PASS" signature="PTC_BM_007_to_BM_013_Verify_Createbranch_functionality_withvariousinputs(java.lang.String, java.lang.String, java.lang.String)[pri:0, instance:com.gurukula.AutomationTestgurkula.LTC_04_BranchesManagement_Test@380fb434]" name="PTC_BM_007_to_BM_013_Verify_Createbranch_functionality_withvariousinputs" duration-ms="6009" started-at="2019-05-09T00:26:54Z" data-provider="createBranchData" finished-at="2019-05-09T00:27:00Z">
          <params>
            <param index="0">
              <value>
                <![CDATA[AA]]>
              </value>
            </param>
            <param index="1">
              <value>
                <![CDATA[ABC]]>
              </value>
            </param>
            <param index="2">
              <value>
                <![CDATA[This field is required to be at least 5 characters.]]>
              </value>
            </param>
          </params>
          <reporter-output>
          </reporter-output>
        </test-method> <!-- PTC_BM_007_to_BM_013_Verify_Createbranch_functionality_withvariousinputs -->
        <test-method status="PASS" signature="closebrowser()[pri:0, instance:com.gurukula.AutomationTestgurkula.LTC_04_BranchesManagement_Test@380fb434]" name="closebrowser" is-config="true" duration-ms="863" started-at="2019-05-09T00:27:00Z" finished-at="2019-05-09T00:27:00Z">
          <reporter-output>
          </reporter-output>
        </test-method> <!-- closebrowser -->
        <test-method status="PASS" signature="setupBeforeTest(java.lang.String, java.lang.String, java.lang.String)[pri:0, instance:com.gurukula.AutomationTestgurkula.LTC_04_BranchesManagement_Test@380fb434]" name="setupBeforeTest" is-config="true" duration-ms="13241" started-at="2019-05-09T00:27:00Z" finished-at="2019-05-09T00:27:14Z">
          <params>
            <param index="0">
              <value>
                <![CDATA[admin]]>
              </value>
            </param>
            <param index="1">
              <value>
                <![CDATA[admin]]>
              </value>
            </param>
            <param index="2">
              <value>
                <![CDATA[You are logged in as user ]]>
              </value>
            </param>
          </params>
          <reporter-output>
          </reporter-output>
        </test-method> <!-- setupBeforeTest -->
        <test-method status="PASS" signature="PTC_BM_007_to_BM_013_Verify_Createbranch_functionality_withvariousinputs(java.lang.String, java.lang.String, java.lang.String)[pri:0, instance:com.gurukula.AutomationTestgurkula.LTC_04_BranchesManagement_Test@380fb434]" name="PTC_BM_007_to_BM_013_Verify_Createbranch_functionality_withvariousinputs" duration-ms="6270" started-at="2019-05-09T00:27:14Z" data-provider="createBranchData" finished-at="2019-05-09T00:27:20Z">
          <params>
            <param index="0">
              <value>
                <![CDATA[AAAAAAAAAAAAAAAAAAAAAAAAAAAAAAAAAA]]>
              </value>
            </param>
            <param index="1">
              <value>
                <![CDATA[ABC]]>
              </value>
            </param>
            <param index="2">
              <value>
                <![CDATA[This field cannot be longer than 20 characters.]]>
              </value>
            </param>
          </params>
          <reporter-output>
          </reporter-output>
        </test-method> <!-- PTC_BM_007_to_BM_013_Verify_Createbranch_functionality_withvariousinputs -->
        <test-method status="PASS" signature="closebrowser()[pri:0, instance:com.gurukula.AutomationTestgurkula.LTC_04_BranchesManagement_Test@380fb434]" name="closebrowser" is-config="true" duration-ms="832" started-at="2019-05-09T00:27:20Z" finished-at="2019-05-09T00:27:21Z">
          <reporter-output>
          </reporter-output>
        </test-method> <!-- closebrowser -->
        <test-method status="PASS" signature="setupBeforeTest(java.lang.String, java.lang.String, java.lang.String)[pri:0, instance:com.gurukula.AutomationTestgurkula.LTC_04_BranchesManagement_Test@380fb434]" name="setupBeforeTest" is-config="true" duration-ms="12020" started-at="2019-05-09T00:27:21Z" finished-at="2019-05-09T00:27:33Z">
          <params>
            <param index="0">
              <value>
                <![CDATA[admin]]>
              </value>
            </param>
            <param index="1">
              <value>
                <![CDATA[admin]]>
              </value>
            </param>
            <param index="2">
              <value>
                <![CDATA[You are logged in as user ]]>
              </value>
            </param>
          </params>
          <reporter-output>
          </reporter-output>
        </test-method> <!-- setupBeforeTest -->
        <test-method status="PASS" signature="PTC_BM_007_to_BM_013_Verify_Createbranch_functionality_withvariousinputs(java.lang.String, java.lang.String, java.lang.String)[pri:0, instance:com.gurukula.AutomationTestgurkula.LTC_04_BranchesManagement_Test@380fb434]" name="PTC_BM_007_to_BM_013_Verify_Createbranch_functionality_withvariousinputs" duration-ms="6157" started-at="2019-05-09T00:27:33Z" data-provider="createBranchData" finished-at="2019-05-09T00:27:39Z">
          <params>
            <param index="0">
              <value>
                <![CDATA[]]>
              </value>
            </param>
            <param index="1">
              <value>
                <![CDATA[ABC]]>
              </value>
            </param>
            <param index="2">
              <value>
                <![CDATA[This field is required.]]>
              </value>
            </param>
          </params>
          <reporter-output>
          </reporter-output>
        </test-method> <!-- PTC_BM_007_to_BM_013_Verify_Createbranch_functionality_withvariousinputs -->
        <test-method status="PASS" signature="closebrowser()[pri:0, instance:com.gurukula.AutomationTestgurkula.LTC_04_BranchesManagement_Test@380fb434]" name="closebrowser" is-config="true" duration-ms="1095" started-at="2019-05-09T00:27:39Z" finished-at="2019-05-09T00:27:40Z">
          <reporter-output>
          </reporter-output>
        </test-method> <!-- closebrowser -->
        <test-method status="PASS" signature="setupBeforeTest(java.lang.String, java.lang.String, java.lang.String)[pri:0, instance:com.gurukula.AutomationTestgurkula.LTC_04_BranchesManagement_Test@380fb434]" name="setupBeforeTest" is-config="true" duration-ms="12984" started-at="2019-05-09T00:27:40Z" finished-at="2019-05-09T00:27:53Z">
          <params>
            <param index="0">
              <value>
                <![CDATA[admin]]>
              </value>
            </param>
            <param index="1">
              <value>
                <![CDATA[admin]]>
              </value>
            </param>
            <param index="2">
              <value>
                <![CDATA[You are logged in as user ]]>
              </value>
            </param>
          </params>
          <reporter-output>
          </reporter-output>
        </test-method> <!-- setupBeforeTest -->
        <test-method status="PASS" signature="PTC_BM_007_to_BM_013_Verify_Createbranch_functionality_withvariousinputs(java.lang.String, java.lang.String, java.lang.String)[pri:0, instance:com.gurukula.AutomationTestgurkula.LTC_04_BranchesManagement_Test@380fb434]" name="PTC_BM_007_to_BM_013_Verify_Createbranch_functionality_withvariousinputs" duration-ms="5993" started-at="2019-05-09T00:27:53Z" data-provider="createBranchData" finished-at="2019-05-09T00:27:59Z">
          <params>
            <param index="0">
              <value>
                <![CDATA[ELECTRICAL]]>
              </value>
            </param>
            <param index="1">
              <value>
                <![CDATA[]]>
              </value>
            </param>
            <param index="2">
              <value>
                <![CDATA[This field is required.]]>
              </value>
            </param>
          </params>
          <reporter-output>
          </reporter-output>
        </test-method> <!-- PTC_BM_007_to_BM_013_Verify_Createbranch_functionality_withvariousinputs -->
        <test-method status="PASS" signature="closebrowser()[pri:0, instance:com.gurukula.AutomationTestgurkula.LTC_04_BranchesManagement_Test@380fb434]" name="closebrowser" is-config="true" duration-ms="845" started-at="2019-05-09T00:27:59Z" finished-at="2019-05-09T00:28:00Z">
          <reporter-output>
          </reporter-output>
        </test-method> <!-- closebrowser -->
        <test-method status="PASS" signature="setupBeforeTest(java.lang.String, java.lang.String, java.lang.String)[pri:0, instance:com.gurukula.AutomationTestgurkula.LTC_04_BranchesManagement_Test@380fb434]" name="setupBeforeTest" is-config="true" duration-ms="11534" started-at="2019-05-09T00:28:00Z" finished-at="2019-05-09T00:28:11Z">
          <params>
            <param index="0">
              <value>
                <![CDATA[admin]]>
              </value>
            </param>
            <param index="1">
              <value>
                <![CDATA[admin]]>
              </value>
            </param>
            <param index="2">
              <value>
                <![CDATA[You are logged in as user ]]>
              </value>
            </param>
          </params>
          <reporter-output>
          </reporter-output>
        </test-method> <!-- setupBeforeTest -->
        <test-method status="PASS" signature="PTC_BM_007_to_BM_013_Verify_Createbranch_functionality_withvariousinputs(java.lang.String, java.lang.String, java.lang.String)[pri:0, instance:com.gurukula.AutomationTestgurkula.LTC_04_BranchesManagement_Test@380fb434]" name="PTC_BM_007_to_BM_013_Verify_Createbranch_functionality_withvariousinputs" duration-ms="5965" started-at="2019-05-09T00:28:11Z" data-provider="createBranchData" finished-at="2019-05-09T00:28:17Z">
          <params>
            <param index="0">
              <value>
                <![CDATA[ELECTRICAL]]>
              </value>
            </param>
            <param index="1">
              <value>
                <![CDATA[A]]>
              </value>
            </param>
            <param index="2">
              <value>
                <![CDATA[This field is required to be at least 2 characters.]]>
              </value>
            </param>
          </params>
          <reporter-output>
          </reporter-output>
        </test-method> <!-- PTC_BM_007_to_BM_013_Verify_Createbranch_functionality_withvariousinputs -->
        <test-method status="PASS" signature="closebrowser()[pri:0, instance:com.gurukula.AutomationTestgurkula.LTC_04_BranchesManagement_Test@380fb434]" name="closebrowser" is-config="true" duration-ms="868" started-at="2019-05-09T00:28:17Z" finished-at="2019-05-09T00:28:18Z">
          <reporter-output>
          </reporter-output>
        </test-method> <!-- closebrowser -->
        <test-method status="PASS" signature="setupBeforeTest(java.lang.String, java.lang.String, java.lang.String)[pri:0, instance:com.gurukula.AutomationTestgurkula.LTC_04_BranchesManagement_Test@380fb434]" name="setupBeforeTest" is-config="true" duration-ms="11474" started-at="2019-05-09T00:28:18Z" finished-at="2019-05-09T00:28:30Z">
          <params>
            <param index="0">
              <value>
                <![CDATA[admin]]>
              </value>
            </param>
            <param index="1">
              <value>
                <![CDATA[admin]]>
              </value>
            </param>
            <param index="2">
              <value>
                <![CDATA[You are logged in as user ]]>
              </value>
            </param>
          </params>
          <reporter-output>
          </reporter-output>
        </test-method> <!-- setupBeforeTest -->
        <test-method status="PASS" signature="PTC_BM_007_to_BM_013_Verify_Createbranch_functionality_withvariousinputs(java.lang.String, java.lang.String, java.lang.String)[pri:0, instance:com.gurukula.AutomationTestgurkula.LTC_04_BranchesManagement_Test@380fb434]" name="PTC_BM_007_to_BM_013_Verify_Createbranch_functionality_withvariousinputs" duration-ms="6041" started-at="2019-05-09T00:28:30Z" data-provider="createBranchData" finished-at="2019-05-09T00:28:36Z">
          <params>
            <param index="0">
              <value>
                <![CDATA[ELECTRICAL]]>
              </value>
            </param>
            <param index="1">
              <value>
                <![CDATA[aa]]>
              </value>
            </param>
            <param index="2">
              <value>
                <![CDATA[This field should follow pattern ^[A-Z0-9]*$.]]>
              </value>
            </param>
          </params>
          <reporter-output>
          </reporter-output>
        </test-method> <!-- PTC_BM_007_to_BM_013_Verify_Createbranch_functionality_withvariousinputs -->
        <test-method status="PASS" signature="closebrowser()[pri:0, instance:com.gurukula.AutomationTestgurkula.LTC_04_BranchesManagement_Test@380fb434]" name="closebrowser" is-config="true" duration-ms="846" started-at="2019-05-09T00:28:36Z" finished-at="2019-05-09T00:28:37Z">
          <reporter-output>
          </reporter-output>
        </test-method> <!-- closebrowser -->
        <test-method status="PASS" signature="setupBeforeTest(java.lang.String, java.lang.String, java.lang.String)[pri:0, instance:com.gurukula.AutomationTestgurkula.LTC_04_BranchesManagement_Test@380fb434]" name="setupBeforeTest" is-config="true" duration-ms="11642" started-at="2019-05-09T00:28:37Z" finished-at="2019-05-09T00:28:48Z">
          <params>
            <param index="0">
              <value>
                <![CDATA[admin]]>
              </value>
            </param>
            <param index="1">
              <value>
                <![CDATA[admin]]>
              </value>
            </param>
            <param index="2">
              <value>
                <![CDATA[You are logged in as user ]]>
              </value>
            </param>
          </params>
          <reporter-output>
          </reporter-output>
        </test-method> <!-- setupBeforeTest -->
        <test-method status="FAIL" signature="PTC_BM_007_to_BM_013_Verify_Createbranch_functionality_withvariousinputs(java.lang.String, java.lang.String, java.lang.String)[pri:0, instance:com.gurukula.AutomationTestgurkula.LTC_04_BranchesManagement_Test@380fb434]" name="PTC_BM_007_to_BM_013_Verify_Createbranch_functionality_withvariousinputs" duration-ms="5891" started-at="2019-05-09T00:28:48Z" data-provider="createBranchData" finished-at="2019-05-09T00:28:54Z">
          <params>
            <param index="0">
              <value>
                <![CDATA[12]]>
              </value>
            </param>
            <param index="1">
              <value>
                <![CDATA[AA]]>
              </value>
            </param>
            <param index="2">
              <value>
                <![CDATA[This field should follow pattern ^[a-zA-Z\s]*$.]]>
              </value>
            </param>
          </params>
          <exception class="java.lang.AssertionError">
            <message>
              <![CDATA[expected [This field should follow pattern ^[a-zA-Z\s]*$.] but found [This field is required to be at least 5 characters.This field should follow pattern ^[a-zA-Z\s]*$.]]]>
            </message>
            <full-stacktrace>
              <![CDATA[java.lang.AssertionError: expected [This field should follow pattern ^[a-zA-Z\s]*$.] but found [This field is required to be at least 5 characters.This field should follow pattern ^[a-zA-Z\s]*$.]
	at org.testng.Assert.fail(Assert.java:94)
	at org.testng.Assert.failNotEquals(Assert.java:494)
	at org.testng.Assert.assertEquals(Assert.java:123)
	at org.testng.Assert.assertEquals(Assert.java:176)
	at org.testng.Assert.assertEquals(Assert.java:186)
	at com.gurukula.AutomationTestgurkula.LTC_04_BranchesManagement_Test.PTC_BM_007_to_BM_013_Verify_Createbranch_functionality_withvariousinputs(LTC_04_BranchesManagement_Test.java:81)
	at sun.reflect.NativeMethodAccessorImpl.invoke0(Native Method)
	at sun.reflect.NativeMethodAccessorImpl.invoke(NativeMethodAccessorImpl.java:62)
	at sun.reflect.DelegatingMethodAccessorImpl.invoke(DelegatingMethodAccessorImpl.java:43)
	at java.lang.reflect.Method.invoke(Method.java:498)
	at org.testng.internal.MethodInvocationHelper.invokeMethod(MethodInvocationHelper.java:80)
	at org.testng.internal.Invoker.invokeMethod(Invoker.java:714)
	at org.testng.internal.Invoker.invokeTestMethod(Invoker.java:901)
	at org.testng.internal.Invoker.invokeTestMethods(Invoker.java:1231)
	at org.testng.internal.TestMethodWorker.invokeTestMethods(TestMethodWorker.java:127)
	at org.testng.internal.TestMethodWorker.run(TestMethodWorker.java:111)
	at org.testng.TestRunner.privateRun(TestRunner.java:767)
	at org.testng.TestRunner.run(TestRunner.java:617)
	at org.testng.SuiteRunner.runTest(SuiteRunner.java:334)
	at org.testng.SuiteRunner.runSequentially(SuiteRunner.java:329)
	at org.testng.SuiteRunner.privateRun(SuiteRunner.java:291)
	at org.testng.SuiteRunner.run(SuiteRunner.java:240)
	at org.testng.SuiteRunnerWorker.runSuite(SuiteRunnerWorker.java:52)
	at org.testng.SuiteRunnerWorker.run(SuiteRunnerWorker.java:86)
	at org.testng.TestNG.runSuitesSequentially(TestNG.java:1198)
	at org.testng.TestNG.runSuitesLocally(TestNG.java:1123)
	at org.testng.TestNG.run(TestNG.java:1031)
	at org.apache.maven.surefire.testng.TestNGExecutor.run(TestNGExecutor.java:178)
	at org.apache.maven.surefire.testng.TestNGXmlTestSuite.execute(TestNGXmlTestSuite.java:92)
	at org.apache.maven.surefire.testng.TestNGProvider.invoke(TestNGProvider.java:96)
	at sun.reflect.NativeMethodAccessorImpl.invoke0(Native Method)
	at sun.reflect.NativeMethodAccessorImpl.invoke(NativeMethodAccessorImpl.java:62)
	at sun.reflect.DelegatingMethodAccessorImpl.invoke(DelegatingMethodAccessorImpl.java:43)
	at java.lang.reflect.Method.invoke(Method.java:498)
	at org.apache.maven.surefire.util.ReflectionUtils.invokeMethodWithArray2(ReflectionUtils.java:208)
	at org.apache.maven.surefire.booter.ProviderFactory$ProviderProxy.invoke(ProviderFactory.java:159)
	at org.apache.maven.surefire.booter.ProviderFactory.invokeProvider(ProviderFactory.java:87)
	at org.apache.maven.surefire.booter.ForkedBooter.runSuitesInProcess(ForkedBooter.java:153)
	at org.apache.maven.surefire.booter.ForkedBooter.main(ForkedBooter.java:95)
]]>
            </full-stacktrace>
          </exception> <!-- java.lang.AssertionError -->
          <reporter-output>
          </reporter-output>
        </test-method> <!-- PTC_BM_007_to_BM_013_Verify_Createbranch_functionality_withvariousinputs -->
        <test-method status="PASS" signature="closebrowser()[pri:0, instance:com.gurukula.AutomationTestgurkula.LTC_04_BranchesManagement_Test@380fb434]" name="closebrowser" is-config="true" duration-ms="837" started-at="2019-05-09T00:28:54Z" finished-at="2019-05-09T00:28:55Z">
          <reporter-output>
          </reporter-output>
        </test-method> <!-- closebrowser -->
      </class> <!-- com.gurukula.AutomationTestgurkula.LTC_04_BranchesManagement_Test -->
    </test> <!-- Gurukul Automation -->
  </suite> <!-- Suite -->
</testng-results>
