<?xml version="1.0" encoding="UTF-8"?>
<testng-results skipped="0" failed="0" total="3" passed="3">
  <reporter-output>
  </reporter-output>
  <suite name="Suite" duration-ms="58711" started-at="2019-05-08T01:55:42Z" finished-at="2019-05-08T01:56:40Z">
    <groups>
    </groups>
    <test name="Authentication module" duration-ms="58711" started-at="2019-05-08T01:55:42Z" finished-at="2019-05-08T01:56:40Z">
      <class name="com.gurukula.AutomationTestgurkula.LTC_05_StaffManagement">
        <test-method status="PASS" signature="setupBeforeTest(java.lang.String, java.lang.String, java.lang.String)[pri:0, instance:com.gurukula.AutomationTestgurkula.LTC_05_StaffManagement@4c70fda8]" name="setupBeforeTest" is-config="true" duration-ms="13588" started-at="2019-05-08T03:55:42Z" finished-at="2019-05-08T03:55:55Z">
          <params>
            <param index="0">
              <value>
                <![CDATA[admin]]>
              </value>
            </param>
            <param index="1">
              <value>
                <![CDATA[admin]]>
              </value>
            </param>
            <param index="2">
              <value>
                <![CDATA[You are logged in as user ]]>
              </value>
            </param>
          </params>
          <reporter-output>
          </reporter-output>
        </test-method> <!-- setupBeforeTest -->
        <test-method status="PASS" signature="PTC_SM_007_to_SM_009_Verify_Createbranch_functionality_withvariousinputs(java.lang.String, java.lang.String, java.lang.String)[pri:0, instance:com.gurukula.AutomationTestgurkula.LTC_05_StaffManagement@4c70fda8]" name="PTC_SM_007_to_SM_009_Verify_Createbranch_functionality_withvariousinputs" duration-ms="6308" started-at="2019-05-08T03:55:55Z" data-provider="createStaffinvalidData" finished-at="2019-05-08T03:56:02Z">
          <params>
            <param index="0">
              <value>
                <![CDATA[aaaaaaaaaaaaaaaaaaaaaaaaaaaaaaaaaaaaaaaaaaaaaaaaaaaaaaaaaaaaaa]]>
              </value>
            </param>
            <param index="1">
              <value>
                <![CDATA[CIVILENG]]>
              </value>
            </param>
            <param index="2">
              <value>
                <![CDATA[This field cannot be longer than 50 characters.]]>
              </value>
            </param>
          </params>
          <reporter-output>
          </reporter-output>
        </test-method> <!-- PTC_SM_007_to_SM_009_Verify_Createbranch_functionality_withvariousinputs -->
        <test-method status="PASS" signature="closebrowser()[pri:0, instance:com.gurukula.AutomationTestgurkula.LTC_05_StaffManagement@4c70fda8]" name="closebrowser" is-config="true" duration-ms="796" started-at="2019-05-08T03:56:02Z" finished-at="2019-05-08T03:56:02Z">
          <reporter-output>
          </reporter-output>
        </test-method> <!-- closebrowser -->
        <test-method status="PASS" signature="setupBeforeTest(java.lang.String, java.lang.String, java.lang.String)[pri:0, instance:com.gurukula.AutomationTestgurkula.LTC_05_StaffManagement@4c70fda8]" name="setupBeforeTest" is-config="true" duration-ms="12033" started-at="2019-05-08T03:56:02Z" finished-at="2019-05-08T03:56:14Z">
          <params>
            <param index="0">
              <value>
                <![CDATA[admin]]>
              </value>
            </param>
            <param index="1">
              <value>
                <![CDATA[admin]]>
              </value>
            </param>
            <param index="2">
              <value>
                <![CDATA[You are logged in as user ]]>
              </value>
            </param>
          </params>
          <reporter-output>
          </reporter-output>
        </test-method> <!-- setupBeforeTest -->
        <test-method status="PASS" signature="PTC_SM_007_to_SM_009_Verify_Createbranch_functionality_withvariousinputs(java.lang.String, java.lang.String, java.lang.String)[pri:0, instance:com.gurukula.AutomationTestgurkula.LTC_05_StaffManagement@4c70fda8]" name="PTC_SM_007_to_SM_009_Verify_Createbranch_functionality_withvariousinputs" duration-ms="5696" started-at="2019-05-08T03:56:14Z" data-provider="createStaffinvalidData" finished-at="2019-05-08T03:56:20Z">
          <params>
            <param index="0">
              <value>
                <![CDATA[]]>
              </value>
            </param>
            <param index="1">
              <value>
                <![CDATA[CIVILENG]]>
              </value>
            </param>
            <param index="2">
              <value>
                <![CDATA[This field is required.]]>
              </value>
            </param>
          </params>
          <reporter-output>
          </reporter-output>
        </test-method> <!-- PTC_SM_007_to_SM_009_Verify_Createbranch_functionality_withvariousinputs -->
        <test-method status="PASS" signature="closebrowser()[pri:0, instance:com.gurukula.AutomationTestgurkula.LTC_05_StaffManagement@4c70fda8]" name="closebrowser" is-config="true" duration-ms="819" started-at="2019-05-08T03:56:20Z" finished-at="2019-05-08T03:56:21Z">
          <reporter-output>
          </reporter-output>
        </test-method> <!-- closebrowser -->
        <test-method status="PASS" signature="setupBeforeTest(java.lang.String, java.lang.String, java.lang.String)[pri:0, instance:com.gurukula.AutomationTestgurkula.LTC_05_StaffManagement@4c70fda8]" name="setupBeforeTest" is-config="true" duration-ms="12513" started-at="2019-05-08T03:56:21Z" finished-at="2019-05-08T03:56:33Z">
          <params>
            <param index="0">
              <value>
                <![CDATA[admin]]>
              </value>
            </param>
            <param index="1">
              <value>
                <![CDATA[admin]]>
              </value>
            </param>
            <param index="2">
              <value>
                <![CDATA[You are logged in as user ]]>
              </value>
            </param>
          </params>
          <reporter-output>
          </reporter-output>
        </test-method> <!-- setupBeforeTest -->
        <test-method status="PASS" signature="PTC_SM_007_to_SM_009_Verify_Createbranch_functionality_withvariousinputs(java.lang.String, java.lang.String, java.lang.String)[pri:0, instance:com.gurukula.AutomationTestgurkula.LTC_05_StaffManagement@4c70fda8]" name="PTC_SM_007_to_SM_009_Verify_Createbranch_functionality_withvariousinputs" duration-ms="6073" started-at="2019-05-08T03:56:33Z" data-provider="createStaffinvalidData" finished-at="2019-05-08T03:56:40Z">
          <params>
            <param index="0">
              <value>
                <![CDATA[1111]]>
              </value>
            </param>
            <param index="1">
              <value>
                <![CDATA[CIVILENG]]>
              </value>
            </param>
            <param index="2">
              <value>
                <![CDATA[This field should follow pattern ^[a-zA-Z\s]*$.]]>
              </value>
            </param>
          </params>
          <reporter-output>
          </reporter-output>
        </test-method> <!-- PTC_SM_007_to_SM_009_Verify_Createbranch_functionality_withvariousinputs -->
        <test-method status="PASS" signature="closebrowser()[pri:0, instance:com.gurukula.AutomationTestgurkula.LTC_05_StaffManagement@4c70fda8]" name="closebrowser" is-config="true" duration-ms="862" started-at="2019-05-08T03:56:40Z" finished-at="2019-05-08T03:56:40Z">
          <reporter-output>
          </reporter-output>
        </test-method> <!-- closebrowser -->
      </class> <!-- com.gurukula.AutomationTestgurkula.LTC_05_StaffManagement -->
    </test> <!-- Authentication module -->
  </suite> <!-- Suite -->
</testng-results>
